
Gurobi 8.1.1 (win64) logging started 09/10/19 09:16:22

Changed value of parameter logfile to solver.log
   Prev: gurobi.log  Default: 
Parameter BarConvTol unchanged
   Value: 1e-08  Min: 0.0  Max: 1.0  Default: 1e-08
Changed value of parameter crossover to 0
   Prev: -1  Min: -1  Max: 5  Default: -1
Parameter FeasibilityTol unchanged
   Value: 1e-06  Min: 1e-09  Max: 0.01  Default: 1e-06
Optimize a model with 768 rows, 837 columns and 1763 nonzeros
Coefficient statistics:
  Matrix range     [1e-03, 2e+04]
  Objective range  [1e-02, 3e+05]
  Bounds range     [9e+00, 4e+05]
  RHS range        [1e+00, 8e+07]
Presolve removed 519 rows and 561 columns
Presolve time: 0.00s
Presolved: 249 rows, 276 columns, 750 nonzeros
Ordering time: 0.00s

Barrier statistics:
 Free vars  : 46
 AA' NZ     : 6.480e+02
 Factor NZ  : 2.477e+03
 Factor Ops : 2.834e+04 (less than 1 second per iteration)
 Threads    : 1

                  Objective                Residual
Iter       Primal          Dual         Primal    Dual     Compl     Time
   0   5.38094935e+11 -2.11166368e+09  1.10e+06 0.00e+00  3.12e+09     0s
   1   1.42009870e+11 -1.96268183e+10  1.30e+05 1.08e-03  4.81e+08     0s
   2   5.28676279e+10  1.86595343e+08  3.37e+04 8.52e-04  1.47e+08     0s
   3   1.90047124e+10  1.05416713e+10  5.40e+02 7.46e-04  2.18e+07     0s
   4   1.42922211e+10  1.26814225e+10  8.83e+01 7.92e-05  3.84e+06     0s
   5   1.35313281e+10  1.30217985e+10  2.26e+01 1.25e-04  1.15e+06     0s
   6   1.34289193e+10  1.31787879e+10  1.29e+01 2.55e-04  5.57e+05     0s
   7   1.33109505e+10  1.31859028e+10  3.94e+00 2.25e-04  2.71e+05     0s
   8   1.32557752e+10  1.32509031e+10  8.32e-02 1.37e-04  1.03e+04     0s
   9   1.32538531e+10  1.32538481e+10  3.11e-08 8.02e-07  1.03e+01     0s
  10   1.32538511e+10  1.32538510e+10  1.82e-12 1.43e-07  1.26e-01     0s
  11   1.32538510e+10  1.32538509e+10  1.82e-12 1.55e-08  3.15e-01     0s
  12   1.32538510e+10  1.32538510e+10  1.82e-12 2.87e-09  2.13e-02     0s
  13   1.32538510e+10  1.32538510e+10  1.82e-12 4.67e-09  6.87e-04     0s
  14   1.32538510e+10  1.32538510e+10  1.82e-12 1.06e-09  1.36e-06     0s
  15   1.32538510e+10  1.32538510e+10  1.82e-12 1.31e-10  2.82e-11     0s

Barrier solved model in 15 iterations and 0.00 seconds
Optimal objective 1.32538510e+10


Gurobi 8.1.1 (win64) logging started 09/10/19 11:29:19

Changed value of parameter logfile to solver.log
   Prev: gurobi.log  Default: 
Parameter BarConvTol unchanged
   Value: 1e-08  Min: 0.0  Max: 1.0  Default: 1e-08
Changed value of parameter crossover to 0
   Prev: -1  Min: -1  Max: 5  Default: -1
Parameter FeasibilityTol unchanged
   Value: 1e-06  Min: 1e-09  Max: 0.01  Default: 1e-06
Optimize a model with 430 rows, 399 columns and 892 nonzeros
Coefficient statistics:
  Matrix range     [1e-03, 2e+04]
  Objective range  [1e-02, 3e+05]
  Bounds range     [2e+03, 4e+05]
  RHS range        [1e+00, 3e+07]
Presolve removed 314 rows and 283 columns
Presolve time: 0.00s
Presolved: 116 rows, 116 columns, 420 nonzeros
Ordering time: 0.00s

Barrier statistics:
 Free vars  : 32
 AA' NZ     : 5.480e+02
 Factor NZ  : 1.159e+03
 Factor Ops : 1.291e+04 (less than 1 second per iteration)
 Threads    : 1

                  Objective                Residual
Iter       Primal          Dual         Primal    Dual     Compl     Time
   0   1.62401703e+11  1.64018558e+10  2.58e+06 1.87e-04  9.05e+05     0s
   1   2.50451478e+10  1.63961672e+10  1.46e+05 4.64e-03  7.81e+04     0s
   2   1.67226577e+10  1.64007763e+10  6.17e+02 3.41e-03  7.01e+03     0s
   3   1.64018558e+10  1.64017947e+10  9.09e-09 3.26e-04  3.25e+02     0s
   4   1.64018558e+10  1.64018558e+10  4.25e-09 4.15e-05  4.52e-01     0s
   5   1.64018558e+10  1.64018558e+10  2.04e-10 2.76e-05  1.92e-01     0s
   6   1.64018558e+10  1.64018558e+10  7.28e-12 5.70e-07  2.43e-03     0s
   7   1.64018558e+10  1.64018558e+10  3.64e-12 9.09e-10  4.27e-08     0s
   8   1.64018558e+10  1.64018558e+10  3.64e-12 8.35e-12  4.27e-11     0s

Barrier solved model in 8 iterations and 0.00 seconds
Optimal objective 1.64018558e+10


Gurobi 8.1.1 (win64) logging started 09/10/19 12:52:39

Changed value of parameter logfile to solver.log
   Prev: gurobi.log  Default: 
Parameter BarConvTol unchanged
   Value: 1e-08  Min: 0.0  Max: 1.0  Default: 1e-08
Changed value of parameter crossover to 0
   Prev: -1  Min: -1  Max: 5  Default: -1
Parameter FeasibilityTol unchanged
   Value: 1e-06  Min: 1e-09  Max: 0.01  Default: 1e-06
Optimize a model with 430 rows, 399 columns and 892 nonzeros
Coefficient statistics:
  Matrix range     [1e-03, 2e+04]
  Objective range  [1e-02, 3e+05]
  Bounds range     [2e+03, 4e+05]
  RHS range        [1e+00, 3e+07]
Presolve removed 314 rows and 283 columns
Presolve time: 0.00s
Presolved: 116 rows, 116 columns, 420 nonzeros
Ordering time: 0.00s

Barrier statistics:
 Free vars  : 32
 AA' NZ     : 5.480e+02
 Factor NZ  : 1.159e+03
 Factor Ops : 1.291e+04 (less than 1 second per iteration)
 Threads    : 1

                  Objective                Residual
Iter       Primal          Dual         Primal    Dual     Compl     Time
   0   1.62401703e+11  1.64018558e+10  2.58e+06 1.87e-04  9.05e+05     0s
   1   2.50451478e+10  1.63961672e+10  1.46e+05 4.64e-03  7.81e+04     0s
   2   1.67226577e+10  1.64007763e+10  6.17e+02 3.41e-03  7.01e+03     0s
   3   1.64018558e+10  1.64017947e+10  9.09e-09 3.26e-04  3.25e+02     0s
   4   1.64018558e+10  1.64018558e+10  4.25e-09 4.15e-05  4.52e-01     0s
   5   1.64018558e+10  1.64018558e+10  2.04e-10 2.76e-05  1.92e-01     0s
   6   1.64018558e+10  1.64018558e+10  7.28e-12 5.70e-07  2.43e-03     0s
   7   1.64018558e+10  1.64018558e+10  3.64e-12 9.09e-10  4.27e-08     0s
   8   1.64018558e+10  1.64018558e+10  3.64e-12 8.35e-12  4.27e-11     0s

Barrier solved model in 8 iterations and 0.02 seconds
Optimal objective 1.64018558e+10


Gurobi 8.1.1 (win64) logging started 09/10/19 12:56:09

Changed value of parameter logfile to solver.log
   Prev: gurobi.log  Default: 
Parameter BarConvTol unchanged
   Value: 1e-08  Min: 0.0  Max: 1.0  Default: 1e-08
Changed value of parameter crossover to 0
   Prev: -1  Min: -1  Max: 5  Default: -1
Parameter FeasibilityTol unchanged
   Value: 1e-06  Min: 1e-09  Max: 0.01  Default: 1e-06
Optimize a model with 430 rows, 399 columns and 892 nonzeros
Coefficient statistics:
  Matrix range     [1e-03, 2e+04]
  Objective range  [1e-02, 3e+05]
  Bounds range     [2e+03, 4e+05]
  RHS range        [1e+00, 3e+07]
Presolve removed 314 rows and 283 columns
Presolve time: 0.00s
Presolved: 116 rows, 116 columns, 420 nonzeros
Ordering time: 0.00s

Barrier statistics:
 Free vars  : 32
 AA' NZ     : 5.480e+02
 Factor NZ  : 1.159e+03
 Factor Ops : 1.291e+04 (less than 1 second per iteration)
 Threads    : 1

                  Objective                Residual
Iter       Primal          Dual         Primal    Dual     Compl     Time
   0   1.62401703e+11  1.64018558e+10  2.58e+06 1.87e-04  9.05e+05     0s
   1   2.50451478e+10  1.63961672e+10  1.46e+05 4.64e-03  7.81e+04     0s
   2   1.67226577e+10  1.64007763e+10  6.17e+02 3.41e-03  7.01e+03     0s
   3   1.64018558e+10  1.64017947e+10  9.09e-09 3.26e-04  3.25e+02     0s
   4   1.64018558e+10  1.64018558e+10  4.25e-09 4.15e-05  4.52e-01     0s
   5   1.64018558e+10  1.64018558e+10  2.04e-10 2.76e-05  1.92e-01     0s
   6   1.64018558e+10  1.64018558e+10  7.28e-12 5.70e-07  2.43e-03     0s
   7   1.64018558e+10  1.64018558e+10  3.64e-12 9.09e-10  4.27e-08     0s
   8   1.64018558e+10  1.64018558e+10  3.64e-12 8.35e-12  4.27e-11     0s

Barrier solved model in 8 iterations and 0.02 seconds
Optimal objective 1.64018558e+10


Gurobi 8.1.1 (win64) logging started 09/10/19 12:59:22

Changed value of parameter logfile to solver.log
   Prev: gurobi.log  Default: 
Parameter BarConvTol unchanged
   Value: 1e-08  Min: 0.0  Max: 1.0  Default: 1e-08
Changed value of parameter crossover to 0
   Prev: -1  Min: -1  Max: 5  Default: -1
Parameter FeasibilityTol unchanged
   Value: 1e-06  Min: 1e-09  Max: 0.01  Default: 1e-06
Optimize a model with 430 rows, 399 columns and 892 nonzeros
Coefficient statistics:
  Matrix range     [1e-03, 2e+04]
  Objective range  [1e-02, 3e+05]
  Bounds range     [2e+03, 4e+05]
  RHS range        [1e+00, 3e+07]
Presolve removed 314 rows and 283 columns
Presolve time: 0.02s
Presolved: 116 rows, 116 columns, 420 nonzeros
Ordering time: 0.00s

Barrier statistics:
 Free vars  : 32
 AA' NZ     : 5.480e+02
 Factor NZ  : 1.159e+03
 Factor Ops : 1.291e+04 (less than 1 second per iteration)
 Threads    : 1

                  Objective                Residual
Iter       Primal          Dual         Primal    Dual     Compl     Time
   0   1.62401703e+11  1.64018558e+10  2.58e+06 1.87e-04  9.05e+05     0s
   1   2.50451478e+10  1.63961672e+10  1.46e+05 4.64e-03  7.81e+04     0s
   2   1.67226577e+10  1.64007763e+10  6.17e+02 3.41e-03  7.01e+03     0s
   3   1.64018558e+10  1.64017947e+10  9.09e-09 3.26e-04  3.25e+02     0s
   4   1.64018558e+10  1.64018558e+10  4.25e-09 4.15e-05  4.52e-01     0s
   5   1.64018558e+10  1.64018558e+10  2.04e-10 2.76e-05  1.92e-01     0s
   6   1.64018558e+10  1.64018558e+10  7.28e-12 5.70e-07  2.43e-03     0s
   7   1.64018558e+10  1.64018558e+10  3.64e-12 9.09e-10  4.27e-08     0s
   8   1.64018558e+10  1.64018558e+10  3.64e-12 8.35e-12  4.27e-11     0s

Barrier solved model in 8 iterations and 0.02 seconds
Optimal objective 1.64018558e+10


Gurobi 8.1.1 (win64) logging started 09/10/19 13:00:56

Changed value of parameter logfile to solver.log
   Prev: gurobi.log  Default: 
Parameter BarConvTol unchanged
   Value: 1e-08  Min: 0.0  Max: 1.0  Default: 1e-08
Changed value of parameter crossover to 0
   Prev: -1  Min: -1  Max: 5  Default: -1
Parameter FeasibilityTol unchanged
   Value: 1e-06  Min: 1e-09  Max: 0.01  Default: 1e-06
Optimize a model with 430 rows, 399 columns and 892 nonzeros
Coefficient statistics:
  Matrix range     [1e-03, 2e+04]
  Objective range  [1e-02, 3e+05]
  Bounds range     [2e+03, 4e+05]
  RHS range        [1e+00, 3e+07]
Presolve removed 314 rows and 283 columns
Presolve time: 0.00s
Presolved: 116 rows, 116 columns, 420 nonzeros
Ordering time: 0.00s

Barrier statistics:
 Free vars  : 32
 AA' NZ     : 5.480e+02
 Factor NZ  : 1.159e+03
 Factor Ops : 1.291e+04 (less than 1 second per iteration)
 Threads    : 1

                  Objective                Residual
Iter       Primal          Dual         Primal    Dual     Compl     Time
   0   1.62401703e+11  1.64018558e+10  2.58e+06 1.87e-04  9.05e+05     0s
   1   2.50451478e+10  1.63961672e+10  1.46e+05 4.64e-03  7.81e+04     0s
   2   1.67226577e+10  1.64007763e+10  6.17e+02 3.41e-03  7.01e+03     0s
   3   1.64018558e+10  1.64017947e+10  9.09e-09 3.26e-04  3.25e+02     0s
   4   1.64018558e+10  1.64018558e+10  4.25e-09 4.15e-05  4.52e-01     0s
   5   1.64018558e+10  1.64018558e+10  2.04e-10 2.76e-05  1.92e-01     0s
   6   1.64018558e+10  1.64018558e+10  7.28e-12 5.70e-07  2.43e-03     0s
   7   1.64018558e+10  1.64018558e+10  3.64e-12 9.09e-10  4.27e-08     0s
   8   1.64018558e+10  1.64018558e+10  3.64e-12 8.35e-12  4.27e-11     0s

Barrier solved model in 8 iterations and 0.02 seconds
Optimal objective 1.64018558e+10


Gurobi 8.1.1 (win64) logging started 09/10/19 13:34:18

Changed value of parameter logfile to solver.log
   Prev: gurobi.log  Default: 
Parameter BarConvTol unchanged
   Value: 1e-08  Min: 0.0  Max: 1.0  Default: 1e-08
Changed value of parameter crossover to 0
   Prev: -1  Min: -1  Max: 5  Default: -1
Parameter FeasibilityTol unchanged
   Value: 1e-06  Min: 1e-09  Max: 0.01  Default: 1e-06
Optimize a model with 430 rows, 399 columns and 892 nonzeros
Coefficient statistics:
  Matrix range     [1e-03, 2e+04]
  Objective range  [1e-02, 3e+05]
  Bounds range     [2e+03, 4e+05]
  RHS range        [1e+00, 3e+07]
Presolve removed 314 rows and 283 columns
Presolve time: 0.02s
Presolved: 116 rows, 116 columns, 420 nonzeros
Ordering time: 0.00s

Barrier statistics:
 Free vars  : 32
 AA' NZ     : 5.480e+02
 Factor NZ  : 1.159e+03
 Factor Ops : 1.291e+04 (less than 1 second per iteration)
 Threads    : 1

                  Objective                Residual
Iter       Primal          Dual         Primal    Dual     Compl     Time
   0   1.62401703e+11  1.64018558e+10  2.58e+06 1.87e-04  9.05e+05     0s
   1   2.50451478e+10  1.63961672e+10  1.46e+05 4.64e-03  7.81e+04     0s
   2   1.67226577e+10  1.64007763e+10  6.17e+02 3.41e-03  7.01e+03     0s
   3   1.64018558e+10  1.64017947e+10  9.09e-09 3.26e-04  3.25e+02     0s
   4   1.64018558e+10  1.64018558e+10  4.25e-09 4.15e-05  4.52e-01     0s
   5   1.64018558e+10  1.64018558e+10  2.04e-10 2.76e-05  1.92e-01     0s
   6   1.64018558e+10  1.64018558e+10  7.28e-12 5.70e-07  2.43e-03     0s
   7   1.64018558e+10  1.64018558e+10  3.64e-12 9.09e-10  4.27e-08     0s
   8   1.64018558e+10  1.64018558e+10  3.64e-12 8.35e-12  4.27e-11     0s

Barrier solved model in 8 iterations and 0.02 seconds
Optimal objective 1.64018558e+10


Gurobi 8.1.1 (win64) logging started 09/10/19 13:45:10

Changed value of parameter logfile to solver.log
   Prev: gurobi.log  Default: 
Parameter BarConvTol unchanged
   Value: 1e-08  Min: 0.0  Max: 1.0  Default: 1e-08
Changed value of parameter crossover to 0
   Prev: -1  Min: -1  Max: 5  Default: -1
Parameter FeasibilityTol unchanged
   Value: 1e-06  Min: 1e-09  Max: 0.01  Default: 1e-06
Optimize a model with 430 rows, 399 columns and 892 nonzeros
Coefficient statistics:
  Matrix range     [1e-03, 2e+04]
  Objective range  [1e-02, 3e+05]
  Bounds range     [2e+03, 4e+05]
  RHS range        [1e+00, 3e+07]
Presolve removed 314 rows and 283 columns
Presolve time: 0.01s
Presolved: 116 rows, 116 columns, 420 nonzeros
Ordering time: 0.00s

Barrier statistics:
 Free vars  : 32
 AA' NZ     : 5.480e+02
 Factor NZ  : 1.159e+03
 Factor Ops : 1.291e+04 (less than 1 second per iteration)
 Threads    : 1

                  Objective                Residual
Iter       Primal          Dual         Primal    Dual     Compl     Time
   0   1.62401703e+11  1.64018558e+10  2.58e+06 1.87e-04  9.05e+05     0s
   1   2.50451478e+10  1.63961672e+10  1.46e+05 4.64e-03  7.81e+04     0s
   2   1.67226577e+10  1.64007763e+10  6.17e+02 3.41e-03  7.01e+03     0s
   3   1.64018558e+10  1.64017947e+10  9.09e-09 3.26e-04  3.25e+02     0s
   4   1.64018558e+10  1.64018558e+10  4.25e-09 4.15e-05  4.52e-01     0s
   5   1.64018558e+10  1.64018558e+10  2.04e-10 2.76e-05  1.92e-01     0s
   6   1.64018558e+10  1.64018558e+10  7.28e-12 5.70e-07  2.43e-03     0s
   7   1.64018558e+10  1.64018558e+10  3.64e-12 9.09e-10  4.27e-08     0s
   8   1.64018558e+10  1.64018558e+10  3.64e-12 8.35e-12  4.27e-11     0s

Barrier solved model in 8 iterations and 0.02 seconds
Optimal objective 1.64018558e+10


Gurobi 8.1.1 (win64) logging started 10/02/19 10:32:17

Changed value of parameter logfile to solver.log
   Prev: gurobi.log  Default: 
Parameter BarConvTol unchanged
   Value: 1e-08  Min: 0.0  Max: 1.0  Default: 1e-08
Changed value of parameter crossover to 0
   Prev: -1  Min: -1  Max: 5  Default: -1
Parameter FeasibilityTol unchanged
   Value: 1e-06  Min: 1e-09  Max: 0.01  Default: 1e-06
Optimize a model with 430 rows, 399 columns and 892 nonzeros
Coefficient statistics:
  Matrix range     [1e-03, 2e+04]
  Objective range  [1e-02, 3e+05]
  Bounds range     [2e+03, 4e+05]
  RHS range        [1e+00, 3e+07]
Presolve removed 314 rows and 283 columns
Presolve time: 0.00s
Presolved: 116 rows, 116 columns, 420 nonzeros
Ordering time: 0.00s

Barrier statistics:
 Free vars  : 32
 AA' NZ     : 5.480e+02
 Factor NZ  : 1.159e+03
 Factor Ops : 1.291e+04 (less than 1 second per iteration)
 Threads    : 1

                  Objective                Residual
Iter       Primal          Dual         Primal    Dual     Compl     Time
   0   1.62401703e+11  1.64018558e+10  2.58e+06 1.87e-04  9.05e+05     0s
   1   2.50451478e+10  1.63961672e+10  1.46e+05 4.64e-03  7.81e+04     0s
   2   1.67226577e+10  1.64007763e+10  6.17e+02 3.41e-03  7.01e+03     0s
   3   1.64018558e+10  1.64017947e+10  9.09e-09 3.26e-04  3.25e+02     0s
   4   1.64018558e+10  1.64018558e+10  4.25e-09 4.15e-05  4.52e-01     0s
   5   1.64018558e+10  1.64018558e+10  2.04e-10 2.76e-05  1.92e-01     0s
   6   1.64018558e+10  1.64018558e+10  7.28e-12 5.70e-07  2.43e-03     0s
   7   1.64018558e+10  1.64018558e+10  3.64e-12 9.09e-10  4.27e-08     0s
   8   1.64018558e+10  1.64018558e+10  3.64e-12 8.35e-12  4.27e-11     0s

Barrier solved model in 8 iterations and 0.01 seconds
Optimal objective 1.64018558e+10


Gurobi 8.1.1 (win64) logging started 10/08/19 11:30:52

Changed value of parameter logfile to solver.log
   Prev: gurobi.log  Default: 
Parameter BarConvTol unchanged
   Value: 1e-08  Min: 0.0  Max: 1.0  Default: 1e-08
Changed value of parameter crossover to 0
   Prev: -1  Min: -1  Max: 5  Default: -1
Parameter FeasibilityTol unchanged
   Value: 1e-06  Min: 1e-09  Max: 0.01  Default: 1e-06
Optimize a model with 430 rows, 399 columns and 892 nonzeros
Coefficient statistics:
  Matrix range     [1e-03, 2e+04]
  Objective range  [1e-02, 3e+05]
  Bounds range     [2e+03, 4e+05]
  RHS range        [1e+00, 3e+07]
Presolve removed 314 rows and 283 columns
Presolve time: 0.00s
Presolved: 116 rows, 116 columns, 420 nonzeros
Ordering time: 0.00s

Barrier statistics:
 Free vars  : 32
 AA' NZ     : 5.480e+02
 Factor NZ  : 1.159e+03
 Factor Ops : 1.291e+04 (less than 1 second per iteration)
 Threads    : 1

                  Objective                Residual
Iter       Primal          Dual         Primal    Dual     Compl     Time
   0   1.62401703e+11  1.64018558e+10  2.58e+06 1.87e-04  9.05e+05     0s
   1   2.50451478e+10  1.63961672e+10  1.46e+05 4.64e-03  7.81e+04     0s
   2   1.67226577e+10  1.64007763e+10  6.17e+02 3.41e-03  7.01e+03     0s
   3   1.64018558e+10  1.64017947e+10  9.09e-09 3.26e-04  3.25e+02     0s
   4   1.64018558e+10  1.64018558e+10  4.25e-09 4.15e-05  4.52e-01     0s
   5   1.64018558e+10  1.64018558e+10  2.04e-10 2.76e-05  1.92e-01     0s
   6   1.64018558e+10  1.64018558e+10  7.28e-12 5.70e-07  2.43e-03     0s
   7   1.64018558e+10  1.64018558e+10  3.64e-12 9.09e-10  4.27e-08     0s
   8   1.64018558e+10  1.64018558e+10  3.64e-12 8.35e-12  4.27e-11     0s

Barrier solved model in 8 iterations and 0.02 seconds
Optimal objective 1.64018558e+10


Gurobi 8.1.1 (win64) logging started 10/08/19 14:01:06

Changed value of parameter logfile to solver.log
   Prev: gurobi.log  Default: 
Parameter BarConvTol unchanged
   Value: 1e-08  Min: 0.0  Max: 1.0  Default: 1e-08
Changed value of parameter crossover to 0
   Prev: -1  Min: -1  Max: 5  Default: -1
Parameter FeasibilityTol unchanged
   Value: 1e-06  Min: 1e-09  Max: 0.01  Default: 1e-06
Optimize a model with 431 rows, 399 columns and 922 nonzeros
Coefficient statistics:
  Matrix range     [1e-03, 2e+04]
  Objective range  [1e-02, 3e+05]
  Bounds range     [2e+03, 4e+05]
  RHS range        [1e+00, 8e+07]
Presolve removed 314 rows and 212 columns
Presolve time: 0.01s
Presolved: 117 rows, 187 columns, 587 nonzeros
Ordering time: 0.00s

Barrier statistics:
 Free vars  : 32
 AA' NZ     : 5.960e+02
 Factor NZ  : 1.294e+03
 Factor Ops : 1.609e+04 (less than 1 second per iteration)
 Threads    : 1

                  Objective                Residual
Iter       Primal          Dual         Primal    Dual     Compl     Time
   0   4.77822851e+16 -1.16538015e+15  1.16e+09 6.62e+07  1.39e+16     0s
   1   2.09559317e+15 -3.80995744e+16  6.54e+07 1.36e+00  9.10e+14     0s
   2   3.83584550e+14 -5.50207551e+14  3.10e+07 1.37e-01  4.04e+14     0s
   3   2.07508698e+12 -7.84364236e+15  2.08e+05 6.22e-01  2.64e+13     0s
   4   5.19025797e+11 -1.16343395e+14  2.39e+03 4.66e-03  4.25e+11     0s
   5   1.06114614e+11 -1.03840243e+13  2.15e+01 4.53e-04  3.20e+10     0s
   6   8.32596956e+10 -1.85472698e+12  1.10e-01 1.31e-04  5.86e+09     0s
   7   4.57096794e+10 -5.61020958e+10  4.86e-04 4.69e-05  3.08e+08     0s
   8   1.74583090e+10  1.51033383e+10  2.10e-06 4.04e-07  7.11e+06     0s
   9   1.64037875e+10  1.63961766e+10  1.64e-11 3.64e-08  2.30e+04     0s
  10   1.64018559e+10  1.64018557e+10  3.64e-12 6.01e-08  4.46e-01     0s
  11   1.64018558e+10  1.64018558e+10  3.64e-12 7.95e-06  1.00e-01     0s
  12   1.64018558e+10  1.64018558e+10  7.28e-12 2.06e-07  7.03e-03     0s
  13   1.64018558e+10  1.64018558e+10  1.82e-12 8.69e-08  9.36e-06     0s
  14   1.64018558e+10  1.64018558e+10  3.64e-12 4.66e-10  9.36e-09     0s

Barrier solved model in 14 iterations and 0.03 seconds
Optimal objective 1.64018558e+10


Gurobi 8.1.1 (win64) logging started 10/08/19 14:20:54

Changed value of parameter logfile to solver.log
   Prev: gurobi.log  Default: 
Parameter BarConvTol unchanged
   Value: 1e-08  Min: 0.0  Max: 1.0  Default: 1e-08
Changed value of parameter crossover to 0
   Prev: -1  Min: -1  Max: 5  Default: -1
Parameter FeasibilityTol unchanged
   Value: 1e-06  Min: 1e-09  Max: 0.01  Default: 1e-06
Optimize a model with 430 rows, 399 columns and 892 nonzeros
Coefficient statistics:
  Matrix range     [1e-03, 2e+04]
  Objective range  [1e-02, 3e+05]
  Bounds range     [2e+03, 4e+05]
  RHS range        [1e+00, 3e+07]
Presolve removed 314 rows and 283 columns
Presolve time: 0.00s
Presolved: 116 rows, 116 columns, 420 nonzeros
Ordering time: 0.00s

Barrier statistics:
 Free vars  : 32
 AA' NZ     : 5.480e+02
 Factor NZ  : 1.159e+03
 Factor Ops : 1.291e+04 (less than 1 second per iteration)
 Threads    : 1

                  Objective                Residual
Iter       Primal          Dual         Primal    Dual     Compl     Time
   0   1.62401703e+11  1.64018558e+10  2.58e+06 1.87e-04  9.05e+05     0s
   1   2.50451478e+10  1.63961672e+10  1.46e+05 4.64e-03  7.81e+04     0s
   2   1.67226577e+10  1.64007763e+10  6.17e+02 3.41e-03  7.01e+03     0s
   3   1.64018558e+10  1.64017947e+10  9.09e-09 3.26e-04  3.25e+02     0s
   4   1.64018558e+10  1.64018558e+10  4.25e-09 4.15e-05  4.52e-01     0s
   5   1.64018558e+10  1.64018558e+10  2.04e-10 2.76e-05  1.92e-01     0s
   6   1.64018558e+10  1.64018558e+10  7.28e-12 5.70e-07  2.43e-03     0s
   7   1.64018558e+10  1.64018558e+10  3.64e-12 9.09e-10  4.27e-08     0s
   8   1.64018558e+10  1.64018558e+10  3.64e-12 8.35e-12  4.27e-11     0s

Barrier solved model in 8 iterations and 0.01 seconds
Optimal objective 1.64018558e+10


Gurobi 8.1.1 (win64) logging started 10/09/19 13:07:58

Changed value of parameter logfile to solver.log
   Prev: gurobi.log  Default: 
Parameter BarConvTol unchanged
   Value: 1e-08  Min: 0.0  Max: 1.0  Default: 1e-08
Changed value of parameter crossover to 0
   Prev: -1  Min: -1  Max: 5  Default: -1
Parameter FeasibilityTol unchanged
   Value: 1e-06  Min: 1e-09  Max: 0.01  Default: 1e-06
Optimize a model with 430 rows, 399 columns and 892 nonzeros
Coefficient statistics:
  Matrix range     [1e-03, 2e+04]
  Objective range  [1e-02, 3e+05]
  Bounds range     [2e+03, 4e+05]
  RHS range        [1e+00, 3e+07]
Presolve removed 314 rows and 283 columns
Presolve time: 0.01s
Presolved: 116 rows, 116 columns, 420 nonzeros
Ordering time: 0.00s

Barrier statistics:
 Free vars  : 32
 AA' NZ     : 5.480e+02
 Factor NZ  : 1.159e+03
 Factor Ops : 1.291e+04 (less than 1 second per iteration)
 Threads    : 1

                  Objective                Residual
Iter       Primal          Dual         Primal    Dual     Compl     Time
   0   1.62401703e+11  1.64018558e+10  2.58e+06 1.87e-04  9.05e+05     0s
   1   2.50451478e+10  1.63961672e+10  1.46e+05 4.64e-03  7.81e+04     0s
   2   1.67226577e+10  1.64007763e+10  6.17e+02 3.41e-03  7.01e+03     0s
   3   1.64018558e+10  1.64017947e+10  9.09e-09 3.26e-04  3.25e+02     0s
   4   1.64018558e+10  1.64018558e+10  4.25e-09 4.15e-05  4.52e-01     0s
   5   1.64018558e+10  1.64018558e+10  2.04e-10 2.76e-05  1.92e-01     0s
   6   1.64018558e+10  1.64018558e+10  7.28e-12 5.70e-07  2.43e-03     0s
   7   1.64018558e+10  1.64018558e+10  3.64e-12 9.09e-10  4.27e-08     0s
   8   1.64018558e+10  1.64018558e+10  3.64e-12 8.35e-12  4.27e-11     0s

Barrier solved model in 8 iterations and 0.03 seconds
Optimal objective 1.64018558e+10


Gurobi 8.1.1 (win64) logging started 10/09/19 13:13:02

Changed value of parameter logfile to solver.log
   Prev: gurobi.log  Default: 
Parameter BarConvTol unchanged
   Value: 1e-08  Min: 0.0  Max: 1.0  Default: 1e-08
Changed value of parameter crossover to 0
   Prev: -1  Min: -1  Max: 5  Default: -1
Parameter FeasibilityTol unchanged
   Value: 1e-06  Min: 1e-09  Max: 0.01  Default: 1e-06
Optimize a model with 430 rows, 399 columns and 892 nonzeros
Coefficient statistics:
  Matrix range     [1e-03, 2e+04]
  Objective range  [1e-02, 3e+05]
  Bounds range     [2e+03, 4e+05]
  RHS range        [1e+00, 3e+07]
Presolve removed 314 rows and 283 columns
Presolve time: 0.00s
Presolved: 116 rows, 116 columns, 420 nonzeros
Ordering time: 0.00s

Barrier statistics:
 Free vars  : 32
 AA' NZ     : 5.480e+02
 Factor NZ  : 1.159e+03
 Factor Ops : 1.291e+04 (less than 1 second per iteration)
 Threads    : 1

                  Objective                Residual
Iter       Primal          Dual         Primal    Dual     Compl     Time
   0   1.62401703e+11  1.64018558e+10  2.58e+06 1.87e-04  9.05e+05     0s
   1   2.50451478e+10  1.63961672e+10  1.46e+05 4.64e-03  7.81e+04     0s
   2   1.67226577e+10  1.64007763e+10  6.17e+02 3.41e-03  7.01e+03     0s
   3   1.64018558e+10  1.64017947e+10  9.09e-09 3.26e-04  3.25e+02     0s
   4   1.64018558e+10  1.64018558e+10  4.25e-09 4.15e-05  4.52e-01     0s
   5   1.64018558e+10  1.64018558e+10  2.04e-10 2.76e-05  1.92e-01     0s
   6   1.64018558e+10  1.64018558e+10  7.28e-12 5.70e-07  2.43e-03     0s
   7   1.64018558e+10  1.64018558e+10  3.64e-12 9.09e-10  4.27e-08     0s
   8   1.64018558e+10  1.64018558e+10  3.64e-12 8.35e-12  4.27e-11     0s

Barrier solved model in 8 iterations and 0.01 seconds
Optimal objective 1.64018558e+10


Gurobi 8.1.1 (win64) logging started 10/09/19 13:37:42

Changed value of parameter logfile to solver.log
   Prev: gurobi.log  Default: 
Parameter BarConvTol unchanged
   Value: 1e-08  Min: 0.0  Max: 1.0  Default: 1e-08
Changed value of parameter crossover to 0
   Prev: -1  Min: -1  Max: 5  Default: -1
Parameter FeasibilityTol unchanged
   Value: 1e-06  Min: 1e-09  Max: 0.01  Default: 1e-06
Optimize a model with 430 rows, 399 columns and 892 nonzeros
Coefficient statistics:
  Matrix range     [1e-03, 2e+04]
  Objective range  [1e-02, 3e+05]
  Bounds range     [2e+03, 4e+05]
  RHS range        [1e+00, 3e+07]
Presolve removed 314 rows and 283 columns
Presolve time: 0.00s
Presolved: 116 rows, 116 columns, 420 nonzeros
Ordering time: 0.00s

Barrier statistics:
 Free vars  : 32
 AA' NZ     : 5.480e+02
 Factor NZ  : 1.159e+03
 Factor Ops : 1.291e+04 (less than 1 second per iteration)
 Threads    : 1

                  Objective                Residual
Iter       Primal          Dual         Primal    Dual     Compl     Time
   0   1.62401703e+11  1.64018558e+10  2.58e+06 1.87e-04  9.05e+05     0s
   1   2.50451478e+10  1.63961672e+10  1.46e+05 4.64e-03  7.81e+04     0s
   2   1.67226577e+10  1.64007763e+10  6.17e+02 3.41e-03  7.01e+03     0s
   3   1.64018558e+10  1.64017947e+10  9.09e-09 3.26e-04  3.25e+02     0s
   4   1.64018558e+10  1.64018558e+10  4.25e-09 4.15e-05  4.52e-01     0s
   5   1.64018558e+10  1.64018558e+10  2.04e-10 2.76e-05  1.92e-01     0s
   6   1.64018558e+10  1.64018558e+10  7.28e-12 5.70e-07  2.43e-03     0s
   7   1.64018558e+10  1.64018558e+10  3.64e-12 9.09e-10  4.27e-08     0s
   8   1.64018558e+10  1.64018558e+10  3.64e-12 8.35e-12  4.27e-11     0s

Barrier solved model in 8 iterations and 0.02 seconds
Optimal objective 1.64018558e+10


Gurobi 8.1.1 (win64) logging started 10/09/19 13:38:47

Changed value of parameter logfile to solver.log
   Prev: gurobi.log  Default: 
Parameter BarConvTol unchanged
   Value: 1e-08  Min: 0.0  Max: 1.0  Default: 1e-08
Changed value of parameter crossover to 0
   Prev: -1  Min: -1  Max: 5  Default: -1
Parameter FeasibilityTol unchanged
   Value: 1e-06  Min: 1e-09  Max: 0.01  Default: 1e-06
Optimize a model with 431 rows, 399 columns and 922 nonzeros
Coefficient statistics:
  Matrix range     [1e-03, 2e+04]
  Objective range  [1e-02, 3e+05]
  Bounds range     [2e+03, 4e+05]
  RHS range        [1e+00, 3e+07]
Presolve removed 314 rows and 212 columns
Presolve time: 0.00s
Presolved: 117 rows, 187 columns, 587 nonzeros
Ordering time: 0.00s

Barrier statistics:
 Free vars  : 32
 AA' NZ     : 5.960e+02
 Factor NZ  : 1.294e+03
 Factor Ops : 1.609e+04 (less than 1 second per iteration)
 Threads    : 1

                  Objective                Residual
Iter       Primal          Dual         Primal    Dual     Compl     Time
   0   1.85590188e+16 -5.87525378e+14  4.50e+08 6.62e+07  5.40e+15     0s
   1   8.14582147e+14 -1.50345950e+16  2.54e+07 5.28e-01  3.54e+14     0s
   2   1.49004053e+14 -4.48746538e+14  1.20e+07 5.35e-02  1.57e+14     0s
   3   9.14307437e+11 -3.25654858e+15  7.33e+04 2.41e-01  1.09e+13     0s
   4   2.34136710e+11 -5.02761820e+13  6.35e+02 1.84e-03  1.68e+11     0s
   5   9.85356583e+10 -3.70908544e+12  1.72e-01 4.12e-04  1.15e+10     0s
   6   6.65202246e+10 -5.72813609e+11  1.04e-03 1.16e-04  1.93e+09     0s
   7   2.56027305e+10 -2.28483136e+10  9.36e-05 2.47e-05  1.46e+08     0s
   8   1.66235237e+10  1.49362670e+10  2.45e-06 9.84e-07  5.10e+06     0s
   9   1.64032391e+10  1.63973547e+10  5.23e-09 1.07e-07  1.78e+04     0s
  10   1.64018559e+10  1.64018557e+10  3.64e-12 7.00e-08  4.44e-01     0s
  11   1.64018558e+10  1.64018558e+10  7.28e-12 5.48e-06  1.53e-01     0s
  12   1.64018558e+10  1.64018558e+10  1.82e-12 2.64e-08  1.21e-02     0s
  13   1.64018558e+10  1.64018558e+10  3.64e-12 2.05e-08  2.30e-05     0s
  14   1.64018558e+10  1.64018558e+10  3.64e-12 2.98e-08  2.30e-08     0s
  15   1.64018558e+10  1.64018558e+10  1.82e-12 2.33e-10  3.71e-14     0s

Barrier solved model in 15 iterations and 0.01 seconds
Optimal objective 1.64018558e+10


Gurobi 8.1.1 (win64) logging started 10/24/19 09:23:04

Changed value of parameter logfile to solver.log
   Prev: gurobi.log  Default: 
Parameter BarConvTol unchanged
   Value: 1e-08  Min: 0.0  Max: 1.0  Default: 1e-08
Changed value of parameter crossover to 0
   Prev: -1  Min: -1  Max: 5  Default: -1
Parameter FeasibilityTol unchanged
   Value: 1e-06  Min: 1e-09  Max: 0.01  Default: 1e-06
Optimize a model with 388 rows, 357 columns and 786 nonzeros
Coefficient statistics:
  Matrix range     [1e-03, 1e+00]
  Objective range  [1e-02, 3e+05]
  Bounds range     [2e+03, 4e+05]
  RHS range        [1e+00, 3e+07]
Presolve removed 278 rows and 194 columns
Presolve time: 0.01s
Presolved: 110 rows, 163 columns, 540 nonzeros
Ordering time: 0.00s

Barrier statistics:
 Free vars  : 27
 AA' NZ     : 5.060e+02
 Factor NZ  : 1.149e+03
 Factor Ops : 1.359e+04 (less than 1 second per iteration)
 Threads    : 1

                  Objective                Residual
Iter       Primal          Dual         Primal    Dual     Compl     Time
   0   3.68983161e+15 -2.54246703e+14  3.47e+08 1.30e+07  8.40e+14     0s
   1   1.95994658e+14 -2.39906380e+15  2.72e+07 4.78e+06  7.13e+13     0s
   2   1.10195758e+14 -2.78041373e+14  1.05e+07 1.94e+06  3.31e+13     0s
   3   6.43913246e+13 -2.00747794e+15  7.31e+05 9.49e+04  1.00e+13     0s
   4   3.34545154e+13 -4.71023533e+14  1.12e+05 1.93e+04  2.17e+12     0s
   5   9.68920553e+12 -3.12930857e+13  2.65e+01 1.93e+02  1.45e+11     0s
   6   8.91551778e+11 -4.03464035e+12  1.79e+00 2.56e+01  1.72e+10     0s
   7   2.17258267e+11 -4.62949729e+11  2.08e-01 3.43e+00  2.37e+09     0s
   8   5.66678435e+10 -1.31284000e+10  1.61e-02 6.25e-02  2.43e+08     0s
   9   3.22111350e+10  9.71180434e+09  5.24e-03 1.98e-02  7.84e+07     0s
  10   1.86125023e+10  1.42656699e+10  5.59e-04 9.34e-03  1.51e+07     0s
  11   1.69034212e+10  1.61882570e+10  1.12e-04 1.24e-03  2.49e+06     0s
  12   1.64192170e+10  1.63935891e+10  1.45e-06 1.22e-04  8.93e+04     0s
  13   1.64019344e+10  1.64018340e+10  1.62e-08 1.54e-05  3.50e+02     0s
  14   1.64018559e+10  1.64018558e+10  5.62e-11 1.99e-08  3.50e-01     0s
  15   1.64018558e+10  1.64018558e+10  2.18e-11 4.72e-09  3.50e-07     0s
  16   1.64018558e+10  1.64018558e+10  1.82e-12 3.73e-09  3.50e-13     0s

Barrier solved model in 16 iterations and 0.03 seconds
Optimal objective 1.64018558e+10


Gurobi 8.1.1 (win64) logging started 10/24/19 09:24:20

Changed value of parameter logfile to solver.log
   Prev: gurobi.log  Default: 
Parameter BarConvTol unchanged
   Value: 1e-08  Min: 0.0  Max: 1.0  Default: 1e-08
Changed value of parameter crossover to 0
   Prev: -1  Min: -1  Max: 5  Default: -1
Parameter FeasibilityTol unchanged
   Value: 1e-06  Min: 1e-09  Max: 0.01  Default: 1e-06
Optimize a model with 387 rows, 357 columns and 756 nonzeros
Coefficient statistics:
  Matrix range     [1e-03, 1e+00]
  Objective range  [1e-02, 3e+05]
  Bounds range     [2e+03, 4e+05]
  RHS range        [1e+00, 7e+04]
Presolve removed 278 rows and 244 columns
Presolve time: 0.00s
Presolved: 109 rows, 113 columns, 380 nonzeros
Ordering time: 0.00s

Barrier statistics:
 Free vars  : 27
 AA' NZ     : 4.550e+02
 Factor NZ  : 1.046e+03
 Factor Ops : 1.168e+04 (less than 1 second per iteration)
 Threads    : 1

                  Objective                Residual
Iter       Primal          Dual         Primal    Dual     Compl     Time
   0   2.52310481e+11  0.00000000e+00  3.74e+05 0.00e+00  2.62e+09     0s
   1   6.93679154e+10  5.65975336e+09  3.52e-05 1.03e-02  3.43e+08     0s
   2   2.44165473e+10  1.46724550e+10  4.43e-06 1.17e-03  5.24e+07     0s
   3   1.69830653e+10  1.61124770e+10  2.67e-07 6.21e-05  4.68e+06     0s
   4   1.64478933e+10  1.63928717e+10  9.92e-08 9.39e-06  2.96e+05     0s
   5   1.64020763e+10  1.64017942e+10  7.28e-12 8.32e-08  1.52e+03     0s
   6   1.64018558e+10  1.64018558e+10  2.91e-11 5.09e-11  1.59e-03     0s
   7   1.64018558e+10  1.64018558e+10  2.91e-11 7.28e-12  1.59e-09     0s

Barrier solved model in 7 iterations and 0.01 seconds
Optimal objective 1.64018558e+10


Gurobi 8.1.1 (win64) logging started 11/04/19 13:29:22

Changed value of parameter logfile to solver.log
   Prev: gurobi.log  Default: 
Parameter BarConvTol unchanged
   Value: 1e-08  Min: 0.0  Max: 1.0  Default: 1e-08
Changed value of parameter crossover to 0
   Prev: -1  Min: -1  Max: 5  Default: -1
Parameter FeasibilityTol unchanged
   Value: 1e-06  Min: 1e-09  Max: 0.01  Default: 1e-06
Optimize a model with 387 rows, 357 columns and 756 nonzeros
Coefficient statistics:
  Matrix range     [1e-03, 1e+00]
  Objective range  [1e-02, 3e+05]
  Bounds range     [2e+03, 4e+05]
  RHS range        [1e+00, 7e+04]
Presolve removed 278 rows and 244 columns
Presolve time: 0.00s
Presolved: 109 rows, 113 columns, 380 nonzeros
Ordering time: 0.00s

Barrier statistics:
 Free vars  : 27
 AA' NZ     : 4.550e+02
 Factor NZ  : 1.046e+03
 Factor Ops : 1.168e+04 (less than 1 second per iteration)
 Threads    : 1

                  Objective                Residual
Iter       Primal          Dual         Primal    Dual     Compl     Time
   0   2.52310481e+11  0.00000000e+00  3.74e+05 0.00e+00  2.62e+09     0s
   1   6.93679154e+10  5.65975336e+09  3.52e-05 1.03e-02  3.43e+08     0s
   2   2.44165473e+10  1.46724550e+10  4.43e-06 1.17e-03  5.24e+07     0s
   3   1.69830653e+10  1.61124770e+10  2.67e-07 6.21e-05  4.68e+06     0s
   4   1.64478933e+10  1.63928717e+10  9.92e-08 9.39e-06  2.96e+05     0s
   5   1.64020763e+10  1.64017942e+10  7.28e-12 8.32e-08  1.52e+03     0s
   6   1.64018558e+10  1.64018558e+10  2.91e-11 5.09e-11  1.59e-03     0s
   7   1.64018558e+10  1.64018558e+10  2.91e-11 7.28e-12  1.59e-09     0s

Barrier solved model in 7 iterations and 0.01 seconds
Optimal objective 1.64018558e+10


Gurobi 8.1.1 (win64) logging started 11/04/19 13:30:23

Changed value of parameter logfile to solver.log
   Prev: gurobi.log  Default: 
Parameter BarConvTol unchanged
   Value: 1e-08  Min: 0.0  Max: 1.0  Default: 1e-08
Changed value of parameter crossover to 0
   Prev: -1  Min: -1  Max: 5  Default: -1
Parameter FeasibilityTol unchanged
   Value: 1e-06  Min: 1e-09  Max: 0.01  Default: 1e-06
Optimize a model with 388 rows, 357 columns and 786 nonzeros
Coefficient statistics:
  Matrix range     [1e-03, 1e+00]
  Objective range  [1e-02, 3e+05]
  Bounds range     [2e+03, 4e+05]
  RHS range        [1e+00, 3e+08]
Presolve removed 278 rows and 194 columns
Presolve time: 0.00s
Presolved: 110 rows, 163 columns, 540 nonzeros
Ordering time: 0.00s

Barrier statistics:
 Free vars  : 27
 AA' NZ     : 5.060e+02
 Factor NZ  : 1.149e+03
 Factor Ops : 1.359e+04 (less than 1 second per iteration)
 Threads    : 1

                  Objective                Residual
Iter       Primal          Dual         Primal    Dual     Compl     Time
   0   3.69411671e+16 -2.23509820e+15  3.48e+09 1.30e+07  8.41e+15     0s
   1   1.95975195e+15 -2.36929983e+16  2.73e+08 4.78e+06  7.12e+14     0s
   2   1.10374360e+15 -2.49711441e+15  1.06e+08 1.95e+06  3.31e+14     0s
   3   6.46405733e+14 -2.01449677e+16  7.47e+06 9.45e+04  1.01e+14     0s
   4   2.97211677e+14 -1.75817393e+15  9.76e+05 5.96e+03  1.02e+13     0s
   5   3.06494482e+13 -2.29058651e+13  6.57e+03 7.19e+00  2.03e+11     0s
   6   3.21274896e+11 -9.77297361e+11  3.09e+01 2.10e+00  4.54e+09     0s
   7   1.89640271e+11 -1.69278189e+11  6.18e+00 6.09e-01  1.25e+09     0s
   8   1.54475667e+11 -1.24460323e+11  3.01e+00 4.83e-01  9.72e+08     0s
   9   1.27805570e+11 -1.08276668e+11  2.00e+00 4.31e-01  8.23e+08     0s
  10   8.26364719e+10 -5.79442889e+10  1.08e+00 2.25e-01  4.90e+08     0s
  11   5.44345181e+10 -1.54736426e+10  4.72e-01 1.23e-01  2.44e+08     0s
  12   3.79670814e+10 -2.66995681e+09  2.18e-01 7.30e-02  1.42e+08     0s
  13   2.97974612e+10  7.19076968e+09  1.34e-01 3.61e-02  7.88e+07     0s
  14   1.96108120e+10  1.48522886e+10  2.31e-02 6.70e-03  1.66e+07     0s
  15   1.70220373e+10  1.61662325e+10  3.82e-03 2.10e-03  2.98e+06     0s
  16   1.64149881e+10  1.63832645e+10  2.16e-05 1.83e-04  1.11e+05     0s
  17   1.64018689e+10  1.64018372e+10  2.57e-08 1.10e-05  1.11e+02     0s
  18   1.64018558e+10  1.64018558e+10  1.60e-10 1.11e-08  1.11e-04     0s
  19   1.64018558e+10  1.64018558e+10  7.28e-12 2.85e-09  1.11e-07     0s
  20   1.64018558e+10  1.64018558e+10  1.82e-12 3.73e-09  1.11e-10     0s

Barrier solved model in 20 iterations and 0.01 seconds
Optimal objective 1.64018558e+10


Gurobi 8.1.1 (win64) logging started 11/04/19 13:31:22

Changed value of parameter logfile to solver.log
   Prev: gurobi.log  Default: 
Parameter BarConvTol unchanged
   Value: 1e-08  Min: 0.0  Max: 1.0  Default: 1e-08
Changed value of parameter crossover to 0
   Prev: -1  Min: -1  Max: 5  Default: -1
Parameter FeasibilityTol unchanged
   Value: 1e-06  Min: 1e-09  Max: 0.01  Default: 1e-06
Optimize a model with 388 rows, 357 columns and 786 nonzeros
Coefficient statistics:
  Matrix range     [1e-03, 1e+00]
  Objective range  [1e-02, 3e+05]
  Bounds range     [2e+03, 4e+05]
  RHS range        [1e+00, 1e+08]
Presolve removed 278 rows and 194 columns
Presolve time: 0.00s
Presolved: 110 rows, 163 columns, 540 nonzeros
Ordering time: 0.00s

Barrier statistics:
 Free vars  : 27
 AA' NZ     : 5.060e+02
 Factor NZ  : 1.149e+03
 Factor Ops : 1.359e+04 (less than 1 second per iteration)
 Threads    : 1

                  Objective                Residual
Iter       Primal          Dual         Primal    Dual     Compl     Time
   0   1.47736118e+16 -9.14530536e+14  1.39e+09 1.30e+07  3.36e+15     0s
   1   7.83913921e+14 -9.49708527e+15  1.09e+08 4.78e+06  2.85e+14     0s
   2   4.41379252e+14 -1.01797641e+15  4.24e+07 1.95e+06  1.33e+14     0s
   3   2.58397291e+14 -8.05416204e+15  2.98e+06 9.46e+04  4.05e+13     0s
   4   1.24669996e+14 -1.04698354e+15  4.16e+05 9.97e+03  5.43e+12     0s
   5   1.96287795e+13 -1.68044683e+13  1.04e+03 2.97e+00  1.29e+11     0s
   6   3.09833972e+11 -5.67053016e+11  8.51e+00 1.33e+00  3.06e+09     0s
   7   1.58742421e+11 -2.47116231e+11  1.20e+00 7.24e-01  1.41e+09     0s
   8   1.19625638e+11 -1.77461808e+11  6.58e-01 5.66e-01  1.04e+09     0s
   9   6.32843595e+10 -2.99505430e+10  2.28e-01 1.68e-01  3.25e+08     0s
  10   3.68081934e+10 -3.83706883e+09  7.05e-02 7.99e-02  1.42e+08     0s
  11   2.36240432e+10  1.14279930e+10  2.35e-02 1.80e-02  4.25e+07     0s
  12   1.79675738e+10  1.62124213e+10  3.79e-03 1.11e-03  6.12e+06     0s
  13   1.64702196e+10  1.63869958e+10  7.92e-05 2.53e-04  2.90e+05     0s
  14   1.64019408e+10  1.64018341e+10  1.61e-09 2.05e-07  3.72e+02     0s
  15   1.64018558e+10  1.64018558e+10  7.28e-12 4.21e-09  3.82e-04     0s
  16   1.64018558e+10  1.64018558e+10  8.61e-12 3.73e-09  3.82e-10     0s

Barrier solved model in 16 iterations and 0.01 seconds
Optimal objective 1.64018558e+10


Gurobi 8.1.1 (win64) logging started 11/04/19 13:32:16

Changed value of parameter logfile to solver.log
   Prev: gurobi.log  Default: 
Parameter BarConvTol unchanged
   Value: 1e-08  Min: 0.0  Max: 1.0  Default: 1e-08
Changed value of parameter crossover to 0
   Prev: -1  Min: -1  Max: 5  Default: -1
Parameter FeasibilityTol unchanged
   Value: 1e-06  Min: 1e-09  Max: 0.01  Default: 1e-06
Optimize a model with 388 rows, 357 columns and 786 nonzeros
Coefficient statistics:
  Matrix range     [1e-03, 1e+00]
  Objective range  [1e-02, 3e+05]
  Bounds range     [2e+03, 4e+05]
  RHS range        [1e+00, 3e+07]
Presolve removed 278 rows and 194 columns
Presolve time: 0.00s
Presolved: 110 rows, 163 columns, 540 nonzeros
Ordering time: 0.00s

Barrier statistics:
 Free vars  : 27
 AA' NZ     : 5.060e+02
 Factor NZ  : 1.149e+03
 Factor Ops : 1.359e+04 (less than 1 second per iteration)
 Threads    : 1

                  Objective                Residual
Iter       Primal          Dual         Primal    Dual     Compl     Time
   0   3.68983161e+15 -2.54246703e+14  3.47e+08 1.30e+07  8.40e+14     0s
   1   1.95994658e+14 -2.39906380e+15  2.72e+07 4.78e+06  7.13e+13     0s
   2   1.10195758e+14 -2.78041373e+14  1.05e+07 1.94e+06  3.31e+13     0s
   3   6.43913246e+13 -2.00747794e+15  7.31e+05 9.49e+04  1.00e+13     0s
   4   3.34545154e+13 -4.71023533e+14  1.12e+05 1.93e+04  2.17e+12     0s
   5   9.68920553e+12 -3.12930857e+13  2.65e+01 1.93e+02  1.45e+11     0s
   6   8.91551778e+11 -4.03464035e+12  1.79e+00 2.56e+01  1.72e+10     0s
   7   2.17258267e+11 -4.62949729e+11  2.08e-01 3.43e+00  2.37e+09     0s
   8   5.66678435e+10 -1.31284000e+10  1.61e-02 6.25e-02  2.43e+08     0s
   9   3.22111350e+10  9.71180434e+09  5.24e-03 1.98e-02  7.84e+07     0s
  10   1.86125023e+10  1.42656699e+10  5.59e-04 9.34e-03  1.51e+07     0s
  11   1.69034212e+10  1.61882570e+10  1.12e-04 1.24e-03  2.49e+06     0s
  12   1.64192170e+10  1.63935891e+10  1.45e-06 1.22e-04  8.93e+04     0s
  13   1.64019344e+10  1.64018340e+10  1.62e-08 1.54e-05  3.50e+02     0s
  14   1.64018559e+10  1.64018558e+10  5.62e-11 1.99e-08  3.50e-01     0s
  15   1.64018558e+10  1.64018558e+10  2.18e-11 4.72e-09  3.50e-07     0s
  16   1.64018558e+10  1.64018558e+10  1.82e-12 3.73e-09  3.50e-13     0s

Barrier solved model in 16 iterations and 0.01 seconds
Optimal objective 1.64018558e+10


Gurobi 8.1.1 (win64) logging started 11/04/19 13:33:26

Changed value of parameter logfile to solver.log
   Prev: gurobi.log  Default: 
Parameter BarConvTol unchanged
   Value: 1e-08  Min: 0.0  Max: 1.0  Default: 1e-08
Changed value of parameter crossover to 0
   Prev: -1  Min: -1  Max: 5  Default: -1
Parameter FeasibilityTol unchanged
   Value: 1e-06  Min: 1e-09  Max: 0.01  Default: 1e-06
Optimize a model with 388 rows, 357 columns and 786 nonzeros
Coefficient statistics:
  Matrix range     [1e-03, 1e+00]
  Objective range  [1e-02, 3e+05]
  Bounds range     [2e+03, 4e+05]
  RHS range        [1e+00, 7e+04]
Presolve removed 289 rows and 229 columns
Presolve time: 0.00s
Presolved: 99 rows, 128 columns, 434 nonzeros
Ordering time: 0.00s

Barrier statistics:
 Free vars  : 23
 AA' NZ     : 4.800e+02
 Factor NZ  : 1.051e+03
 Factor Ops : 1.311e+04 (less than 1 second per iteration)
 Threads    : 1

                  Objective                Residual
Iter       Primal          Dual         Primal    Dual     Compl     Time
   0   1.51555255e+13 -3.32294059e+13  2.33e+05 5.87e+07  2.47e+12     0s
   1   1.23611770e+12 -1.63567262e+13  1.62e+04 7.83e+06  2.89e+11     0s
   2   3.68984702e+11 -3.10796216e+12  4.10e+02 5.08e+05  2.60e+10     0s
   3   2.98828776e+11 -2.02430144e+11  2.91e-01 4.50e+04  3.07e+09     0s
   4   1.80556268e+11  3.22838482e+10  6.34e-04 1.06e+04  7.76e+08     0s
   5   1.21404673e+11  8.88650421e+10  9.31e-05 1.86e+03  1.47e+08     0s
   6   1.08894401e+11  9.75175515e+10  3.60e-05 4.84e+02  4.97e+07     0s
   7   1.02900915e+11  1.00479874e+11  5.17e-06 1.18e+02  1.05e+07     0s
   8   1.01609509e+11  1.01307506e+11  7.52e-06 2.03e+01  1.36e+06     0s
   9   1.01508293e+11  1.01480859e+11  1.40e-06 1.75e+00  1.23e+05     0s
  10   1.01499725e+11  1.01498254e+11  4.38e-07 9.38e-02  6.61e+03     0s
  11   1.01499375e+11  1.01499358e+11  2.29e-08 1.45e-03  6.73e+01     0s
  12   1.01499365e+11  1.01499365e+11  5.37e-11 2.39e-06  6.73e-02     0s
  13   1.01499365e+11  1.01499365e+11  3.27e-11 9.96e-09  6.73e-05     0s
  14   1.01499365e+11  1.01499365e+11  7.39e-12 1.89e-09  6.73e-08     0s
  15   1.01499365e+11  1.01499365e+11  1.09e-11 3.73e-09  6.73e-14     0s

Barrier solved model in 15 iterations and 0.01 seconds
Optimal objective 1.01499365e+11


Gurobi 8.1.1 (win64) logging started 11/14/19 08:34:44

Changed value of parameter logfile to solver.log
   Prev: gurobi.log  Default: 
Parameter BarConvTol unchanged
   Value: 1e-08  Min: 0.0  Max: 1.0  Default: 1e-08
Changed value of parameter crossover to 0
   Prev: -1  Min: -1  Max: 5  Default: -1
Parameter FeasibilityTol unchanged
   Value: 1e-06  Min: 1e-09  Max: 0.01  Default: 1e-06
Optimize a model with 388 rows, 357 columns and 786 nonzeros
Coefficient statistics:
  Matrix range     [1e-03, 1e+00]
  Objective range  [1e-02, 3e+05]
  Bounds range     [2e+03, 4e+05]
  RHS range        [1e+00, 7e+04]
Presolve removed 289 rows and 229 columns
Presolve time: 0.01s
Presolved: 99 rows, 128 columns, 434 nonzeros
Ordering time: 0.00s

Barrier statistics:
 Free vars  : 23
 AA' NZ     : 4.800e+02
 Factor NZ  : 1.051e+03
 Factor Ops : 1.311e+04 (less than 1 second per iteration)
 Threads    : 1

                  Objective                Residual
Iter       Primal          Dual         Primal    Dual     Compl     Time
   0   1.51555255e+13 -3.32294059e+13  2.33e+05 5.87e+07  2.47e+12     0s
   1   1.23611770e+12 -1.63567262e+13  1.62e+04 7.83e+06  2.89e+11     0s
   2   3.68984702e+11 -3.10796216e+12  4.10e+02 5.08e+05  2.60e+10     0s
   3   2.98828776e+11 -2.02430144e+11  2.91e-01 4.50e+04  3.07e+09     0s
   4   1.80556268e+11  3.22838482e+10  6.34e-04 1.06e+04  7.76e+08     0s
   5   1.21404673e+11  8.88650421e+10  9.31e-05 1.86e+03  1.47e+08     0s
   6   1.08894401e+11  9.75175515e+10  3.60e-05 4.84e+02  4.97e+07     0s
   7   1.02900915e+11  1.00479874e+11  5.17e-06 1.18e+02  1.05e+07     0s
   8   1.01609509e+11  1.01307506e+11  7.52e-06 2.03e+01  1.36e+06     0s
   9   1.01508293e+11  1.01480859e+11  1.40e-06 1.75e+00  1.23e+05     0s
  10   1.01499725e+11  1.01498254e+11  4.38e-07 9.38e-02  6.61e+03     0s
  11   1.01499375e+11  1.01499358e+11  2.29e-08 1.45e-03  6.73e+01     0s
  12   1.01499365e+11  1.01499365e+11  5.37e-11 2.39e-06  6.73e-02     0s
  13   1.01499365e+11  1.01499365e+11  3.27e-11 9.96e-09  6.73e-05     0s
  14   1.01499365e+11  1.01499365e+11  7.39e-12 1.89e-09  6.73e-08     0s
  15   1.01499365e+11  1.01499365e+11  1.09e-11 3.73e-09  6.73e-14     0s

Barrier solved model in 15 iterations and 0.03 seconds
Optimal objective 1.01499365e+11


Gurobi 8.1.1 (win64) logging started 11/14/19 08:35:05

Changed value of parameter logfile to solver.log
   Prev: gurobi.log  Default: 
Parameter BarConvTol unchanged
   Value: 1e-08  Min: 0.0  Max: 1.0  Default: 1e-08
Changed value of parameter crossover to 0
   Prev: -1  Min: -1  Max: 5  Default: -1
Parameter FeasibilityTol unchanged
   Value: 1e-06  Min: 1e-09  Max: 0.01  Default: 1e-06
Optimize a model with 388 rows, 357 columns and 786 nonzeros
Coefficient statistics:
  Matrix range     [1e-03, 1e+00]
  Objective range  [1e-02, 3e+05]
  Bounds range     [2e+03, 4e+05]
  RHS range        [1e+00, 7e+04]
Presolve removed 289 rows and 229 columns
Presolve time: 0.00s
Presolved: 99 rows, 128 columns, 434 nonzeros
Ordering time: 0.00s

Barrier statistics:
 Free vars  : 23
 AA' NZ     : 4.800e+02
 Factor NZ  : 1.051e+03
 Factor Ops : 1.311e+04 (less than 1 second per iteration)
 Threads    : 1

                  Objective                Residual
Iter       Primal          Dual         Primal    Dual     Compl     Time
   0   1.51555255e+13 -3.32294059e+13  2.33e+05 5.87e+07  2.47e+12     0s
   1   1.23611770e+12 -1.63567262e+13  1.62e+04 7.83e+06  2.89e+11     0s
   2   3.68984702e+11 -3.10796216e+12  4.10e+02 5.08e+05  2.60e+10     0s
   3   2.98828776e+11 -2.02430144e+11  2.91e-01 4.50e+04  3.07e+09     0s
   4   1.80556268e+11  3.22838482e+10  6.34e-04 1.06e+04  7.76e+08     0s
   5   1.21404673e+11  8.88650421e+10  9.31e-05 1.86e+03  1.47e+08     0s
   6   1.08894401e+11  9.75175515e+10  3.60e-05 4.84e+02  4.97e+07     0s
   7   1.02900915e+11  1.00479874e+11  5.17e-06 1.18e+02  1.05e+07     0s
   8   1.01609509e+11  1.01307506e+11  7.52e-06 2.03e+01  1.36e+06     0s
   9   1.01508293e+11  1.01480859e+11  1.40e-06 1.75e+00  1.23e+05     0s
  10   1.01499725e+11  1.01498254e+11  4.38e-07 9.38e-02  6.61e+03     0s
  11   1.01499375e+11  1.01499358e+11  2.29e-08 1.45e-03  6.73e+01     0s
  12   1.01499365e+11  1.01499365e+11  5.37e-11 2.39e-06  6.73e-02     0s
  13   1.01499365e+11  1.01499365e+11  3.27e-11 9.96e-09  6.73e-05     0s
  14   1.01499365e+11  1.01499365e+11  7.39e-12 1.89e-09  6.73e-08     0s
  15   1.01499365e+11  1.01499365e+11  1.09e-11 3.73e-09  6.73e-14     0s

Barrier solved model in 15 iterations and 0.01 seconds
Optimal objective 1.01499365e+11


Gurobi 8.1.1 (win64) logging started 11/14/19 08:36:35

Changed value of parameter logfile to solver.log
   Prev: gurobi.log  Default: 
Parameter BarConvTol unchanged
   Value: 1e-08  Min: 0.0  Max: 1.0  Default: 1e-08
Changed value of parameter crossover to 0
   Prev: -1  Min: -1  Max: 5  Default: -1
Parameter FeasibilityTol unchanged
   Value: 1e-06  Min: 1e-09  Max: 0.01  Default: 1e-06
Optimize a model with 388 rows, 357 columns and 786 nonzeros
Coefficient statistics:
  Matrix range     [1e-03, 1e+00]
  Objective range  [1e-02, 3e+05]
  Bounds range     [2e+03, 4e+05]
  RHS range        [1e+00, 1e+09]
Warning: Model contains large rhs
         Consider reformulating model or setting NumericFocus parameter
         to avoid numerical issues.
Presolve removed 278 rows and 194 columns
Presolve time: 0.00s
Presolved: 110 rows, 163 columns, 540 nonzeros
Ordering time: 0.00s

Barrier statistics:
 Free vars  : 27
 AA' NZ     : 5.060e+02
 Factor NZ  : 1.149e+03
 Factor Ops : 1.359e+04 (less than 1 second per iteration)
 Threads    : 1

                  Objective                Residual
Iter       Primal          Dual         Primal    Dual     Compl     Time
   0   1.41320968e+17 -8.45322151e+15  1.33e+10 1.30e+07  3.22e+16     0s
   1   7.49638661e+15 -9.05368845e+16  1.04e+09 4.78e+06  2.72e+15     0s
   2   4.22259937e+15 -9.46106280e+15  4.06e+08 1.95e+06  1.27e+15     0s
   3   2.47339881e+15 -7.70754227e+16  2.86e+07 9.44e+04  3.88e+14     0s
   4   1.13204088e+15 -5.47424413e+15  3.67e+06 4.55e+03  3.40e+13     0s
   5   8.38870297e+13 -2.99215619e+13  1.01e+04 3.01e+01  4.23e+11     0s
   6   3.33609011e+11 -2.19834416e+12  2.07e+01 6.42e+00  8.84e+09     0s
   7   1.94327075e+11 -2.77570114e+11  4.82e+00 1.18e+00  1.64e+09     0s
   8   1.17302421e+11 -9.98760272e+10  3.21e-01 6.06e-01  7.57e+08     0s
   9   1.00709879e+11 -7.72055124e+10  2.45e-01 4.89e-01  6.20e+08     0s
  10   7.26234796e+10 -4.72418647e+10  1.49e-01 3.45e-01  4.18e+08     0s
  11   4.83575394e+10 -1.19289956e+09  7.91e-02 1.06e-01  1.73e+08     0s
  12   3.28209717e+10  9.16883165e+09  3.54e-02 4.01e-02  8.24e+07     0s
  13   2.10636513e+10  1.59651726e+10  9.18e-03 3.78e-03  1.78e+07     0s
  14   1.66755963e+10  1.62548640e+10  1.39e-04 6.64e-04  1.47e+06     0s
  15   1.64059984e+10  1.63989490e+10  7.11e-07 1.48e-05  2.46e+04     0s
  16   1.64018558e+10  1.64018558e+10  1.19e-08 6.67e-07  1.99e-01     0s
  17   1.64018558e+10  1.64018558e+10  2.18e-11 2.51e-09  2.03e-07     0s
  18   1.64018558e+10  1.64018558e+10  1.82e-12 2.33e-10  2.03e-13     0s

Barrier solved model in 18 iterations and 0.02 seconds
Optimal objective 1.64018558e+10


Gurobi 8.1.1 (win64) logging started 11/14/19 08:36:56

Changed value of parameter logfile to solver.log
   Prev: gurobi.log  Default: 
Parameter BarConvTol unchanged
   Value: 1e-08  Min: 0.0  Max: 1.0  Default: 1e-08
Changed value of parameter crossover to 0
   Prev: -1  Min: -1  Max: 5  Default: -1
Parameter FeasibilityTol unchanged
   Value: 1e-06  Min: 1e-09  Max: 0.01  Default: 1e-06
Optimize a model with 388 rows, 357 columns and 786 nonzeros
Coefficient statistics:
  Matrix range     [1e-03, 1e+00]
  Objective range  [1e-02, 3e+05]
  Bounds range     [2e+03, 4e+05]
  RHS range        [1e+00, 6e+08]
Presolve removed 278 rows and 194 columns
Presolve time: 0.00s
Presolved: 110 rows, 163 columns, 540 nonzeros
Ordering time: 0.00s

Barrier statistics:
 Free vars  : 27
 AA' NZ     : 5.060e+02
 Factor NZ  : 1.149e+03
 Factor Ops : 1.359e+04 (less than 1 second per iteration)
 Threads    : 1

                  Objective                Residual
Iter       Primal          Dual         Primal    Dual     Compl     Time
   0   7.06581051e+16 -4.24368680e+15  6.65e+09 1.30e+07  1.61e+16     0s
   1   3.74820563e+15 -4.52850221e+16  5.22e+08 4.78e+06  1.36e+15     0s
   2   2.11120186e+15 -4.74672250e+15  2.03e+08 1.95e+06  6.34e+14     0s
   3   1.23656612e+15 -3.85347709e+16  1.43e+07 9.45e+04  1.94e+14     0s
   4   5.67094877e+14 -3.04275781e+15  1.85e+06 5.28e+03  1.82e+13     0s
   5   5.02353306e+13 -2.70001829e+13  9.79e+03 1.46e+01  2.95e+11     0s
   6   3.27552212e+11 -1.91586343e+12  2.90e+01 3.56e+00  7.84e+09     0s
   7   1.98003475e+11 -1.93026301e+11  6.60e+00 6.12e-01  1.36e+09     0s
   8   1.15645724e+11 -9.13634093e+10  3.56e-01 3.93e-01  7.21e+08     0s
   9   8.89676155e+10 -6.24578332e+10  2.34e-01 3.03e-01  5.28e+08     0s
  10   5.95821885e+10 -1.22355530e+10  1.19e-01 1.03e-01  2.50e+08     0s
  11   5.14452882e+10 -1.27645686e+09  9.21e-02 6.52e-02  1.84e+08     0s
  12   3.63504328e+10  4.44651531e+09  4.70e-02 3.60e-02  1.11e+08     0s
  13   2.46934164e+10  1.22743173e+10  1.70e-02 1.11e-02  4.33e+07     0s
  14   1.94900711e+10  1.56862231e+10  5.71e-03 4.13e-03  1.33e+07     0s
  15   1.66810111e+10  1.62073695e+10  3.47e-04 1.30e-03  1.65e+06     0s
  16   1.64052016e+10  1.63996961e+10  2.46e-06 2.10e-04  1.92e+04     0s
  17   1.64018558e+10  1.64018558e+10  3.30e-09 1.35e-06  2.59e-02     0s
  18   1.64018558e+10  1.64018558e+10  1.02e-11 1.91e-09  2.59e-08     0s
  19   1.64018558e+10  1.64018558e+10  2.27e-13 7.45e-09  2.59e-11     0s

Barrier solved model in 19 iterations and 0.02 seconds
Optimal objective 1.64018558e+10


Gurobi 8.1.1 (win64) logging started 11/14/19 08:37:16

Changed value of parameter logfile to solver.log
   Prev: gurobi.log  Default: 
Parameter BarConvTol unchanged
   Value: 1e-08  Min: 0.0  Max: 1.0  Default: 1e-08
Changed value of parameter crossover to 0
   Prev: -1  Min: -1  Max: 5  Default: -1
Parameter FeasibilityTol unchanged
   Value: 1e-06  Min: 1e-09  Max: 0.01  Default: 1e-06
Optimize a model with 388 rows, 357 columns and 786 nonzeros
Coefficient statistics:
  Matrix range     [1e-03, 1e+00]
  Objective range  [1e-02, 3e+05]
  Bounds range     [2e+03, 4e+05]
  RHS range        [1e+00, 2e+08]
Presolve removed 278 rows and 194 columns
Presolve time: 0.00s
Presolved: 110 rows, 163 columns, 540 nonzeros
Ordering time: 0.00s

Barrier statistics:
 Free vars  : 27
 AA' NZ     : 5.060e+02
 Factor NZ  : 1.149e+03
 Factor Ops : 1.359e+04 (less than 1 second per iteration)
 Threads    : 1

                  Objective                Residual
Iter       Primal          Dual         Primal    Dual     Compl     Time
   0   2.82603873e+16 -1.71796598e+15  2.66e+09 1.30e+07  6.43e+15     0s
   1   1.49929567e+15 -1.81339036e+16  2.09e+08 4.78e+06  5.45e+14     0s
   2   8.44362822e+14 -1.91790558e+15  8.12e+07 1.95e+06  2.54e+14     0s
   3   4.94462397e+14 -1.54102839e+16  5.71e+06 9.45e+04  7.76e+13     0s
   4   2.27645263e+14 -1.38206675e+15  7.50e+05 6.14e+03  7.95e+12     0s
   5   2.43447115e+13 -2.09589280e+13  5.40e+03 5.40e+00  1.71e+11     0s
   6   3.20198281e+11 -6.87830699e+11  3.22e+01 1.64e+00  3.53e+09     0s
   7   1.84531229e+11 -1.81131673e+11  6.04e+00 6.55e-01  1.27e+09     0s
   8   1.21241078e+11 -1.01776151e+11  1.17e+00 4.34e-01  7.77e+08     0s
   9   1.03227657e+11 -9.25389124e+10  9.06e-01 3.98e-01  6.82e+08     0s
  10   5.79755283e+10 -1.97956812e+10  3.55e-01 1.46e-01  2.71e+08     0s
  11   5.08596458e+10 -7.76569950e+09  2.84e-01 9.48e-02  2.04e+08     0s
  12   3.59346853e+10  1.09699838e+09  1.39e-01 6.09e-02  1.21e+08     0s
  13   2.27118918e+10  1.52674604e+10  4.13e-02 5.08e-03  2.59e+07     0s
  14   1.73835975e+10  1.60422110e+10  5.01e-03 1.43e-03  4.67e+06     0s
  15   1.64232903e+10  1.63796360e+10  5.45e-05 3.56e-04  1.52e+05     0s
  16   1.64018587e+10  1.64018128e+10  7.81e-08 1.91e-06  1.60e+02     0s
  17   1.64018558e+10  1.64018558e+10  1.00e-10 5.40e-09  2.44e-04     0s
  18   1.64018558e+10  1.64018558e+10  7.28e-12 7.47e-09  3.88e-10     0s

Barrier solved model in 18 iterations and 0.01 seconds
Optimal objective 1.64018558e+10


Gurobi 8.1.1 (win64) logging started 11/14/19 08:37:36

Changed value of parameter logfile to solver.log
   Prev: gurobi.log  Default: 
Parameter BarConvTol unchanged
   Value: 1e-08  Min: 0.0  Max: 1.0  Default: 1e-08
Changed value of parameter crossover to 0
   Prev: -1  Min: -1  Max: 5  Default: -1
Parameter FeasibilityTol unchanged
   Value: 1e-06  Min: 1e-09  Max: 0.01  Default: 1e-06
Optimize a model with 388 rows, 357 columns and 786 nonzeros
Coefficient statistics:
  Matrix range     [1e-03, 1e+00]
  Objective range  [1e-02, 3e+05]
  Bounds range     [2e+03, 4e+05]
  RHS range        [1e+00, 6e+07]
Presolve removed 278 rows and 194 columns
Presolve time: 0.00s
Presolved: 110 rows, 163 columns, 540 nonzeros
Ordering time: 0.00s

Barrier statistics:
 Free vars  : 27
 AA' NZ     : 5.060e+02
 Factor NZ  : 1.149e+03
 Factor Ops : 1.359e+04 (less than 1 second per iteration)
 Threads    : 1

                  Objective                Residual
Iter       Primal          Dual         Primal    Dual     Compl     Time
   0   7.06152715e+15 -4.55105563e+14  6.64e+08 1.30e+07  1.61e+15     0s
   1   3.74840243e+14 -4.55831156e+15  5.21e+07 4.78e+06  1.36e+14     0s
   2   2.10942536e+14 -5.03259849e+14  2.02e+07 1.95e+06  6.33e+13     0s
   3   1.23408625e+14 -3.84733923e+15  1.41e+06 9.47e+04  1.93e+13     0s
   4   6.24084568e+13 -6.98009887e+14  2.10e+05 1.47e+04  3.37e+12     0s
   5   1.34104986e+13 -1.26271211e+13  4.95e-03 4.33e+00  9.08e+10     0s
   6   8.73364813e+11 -1.41978147e+12  7.73e-03 8.27e-01  7.99e+09     0s
   7   2.34291264e+11 -1.22481904e+11  1.64e-03 1.68e-01  1.24e+09     0s
   8   1.06323830e+11 -6.52974804e+09  5.36e-04 7.87e-02  3.93e+08     0s
   9   4.33887761e+10  5.87927203e+09  1.63e-04 4.99e-02  1.31e+08     0s
  10   1.84052256e+10  1.43776193e+10  1.32e-05 7.64e-03  1.40e+07     0s
  11   1.67046787e+10  1.61368549e+10  4.96e-06 1.34e-03  1.98e+06     0s
  12   1.64032651e+10  1.64014113e+10  1.11e-06 8.09e-05  6.46e+03     0s
  13   1.64018572e+10  1.64018553e+10  1.44e-09 3.39e-07  6.46e+00     0s
  14   1.64018558e+10  1.64018558e+10  2.18e-11 5.69e-09  6.46e-03     0s
  15   1.64018558e+10  1.64018558e+10  2.18e-11 7.54e-09  6.46e-09     0s

Barrier solved model in 15 iterations and 0.02 seconds
Optimal objective 1.64018558e+10


Gurobi 9.0.1 (win64) logging started 04/27/20 16:26:56

Changed value of parameter logfile to solver.log
   Prev:   Default: 
Parameter BarConvTol unchanged
   Value: 1e-08  Min: 0.0  Max: 1.0  Default: 1e-08
Changed value of parameter crossover to 0
   Prev: -1  Min: -1  Max: 5  Default: -1
Parameter FeasibilityTol unchanged
   Value: 1e-06  Min: 1e-09  Max: 0.01  Default: 1e-06
Gurobi Optimizer version 9.0.1 build v9.0.1rc0 (win64)
Optimize a model with 388 rows, 357 columns and 786 nonzeros
Model fingerprint: 0xfa45df24
Coefficient statistics:
  Matrix range     [1e-03, 1e+00]
  Objective range  [1e-02, 2e+05]
  Bounds range     [2e+03, 4e+05]
  RHS range        [1e+00, 1e+09]
Warning: Model contains large rhs
         Consider reformulating model or setting NumericFocus parameter
         to avoid numerical issues.
Presolve removed 278 rows and 194 columns
Presolve time: 0.00s
Presolved: 110 rows, 163 columns, 540 nonzeros
Ordering time: 0.00s

Barrier statistics:
 Free vars  : 27
 AA' NZ     : 5.060e+02
 Factor NZ  : 1.149e+03
 Factor Ops : 1.359e+04 (less than 1 second per iteration)
 Threads    : 1

                  Objective                Residual
Iter       Primal          Dual         Primal    Dual     Compl     Time
   0   1.04497278e+17 -6.21100052e+15  1.33e+10 9.73e+06  2.40e+16     0s
   1   5.92429124e+15 -6.75316834e+16  1.03e+09 3.55e+06  2.02e+15     0s
   2   3.56312945e+15 -6.74956060e+15  4.01e+08 1.46e+06  9.46e+14     0s
   3   2.24576415e+15 -5.78999270e+16  2.79e+07 6.84e+04  2.90e+14     0s
   4   1.05100689e+15 -9.29350675e+15  4.22e+06 9.32e+03  4.65e+13     0s
   5   1.69383460e+14 -2.47256533e+13  5.96e+04 2.76e+01  7.96e+11     0s
   6   3.27115449e+11 -5.99017562e+12  7.82e+01 1.33e+01  2.21e+10     0s
   7   1.87234456e+11 -1.33936491e+12  2.92e+01 3.12e+00  5.33e+09     0s
   8   1.05920138e+11 -1.17151478e+11  2.79e-01 3.84e-01  7.77e+08     0s
   9   8.29285454e+10 -9.96083915e+10  1.76e-01 3.29e-01  6.36e+08     0s
  10   6.44207546e+10 -5.60615829e+10  1.18e-01 2.09e-01  4.20e+08     0s
  11   4.61603601e+10 -3.27288998e+09  6.86e-02 5.36e-02  1.72e+08     0s
  12   2.73914399e+10  5.86465368e+09  2.37e-02 3.15e-02  7.50e+07     0s
  13   1.80193491e+10  1.31967667e+10  5.16e-03 5.81e-03  1.68e+07     0s
  14   1.54416991e+10  1.45989393e+10  9.77e-04 8.58e-04  2.94e+06     0s
  15   1.48045264e+10  1.47147318e+10  9.51e-05 1.11e-04  3.13e+05     0s
  16   1.47242010e+10  1.47241492e+10  3.20e-08 1.31e-05  1.81e+02     0s
  17   1.47241750e+10  1.47241750e+10  4.37e-11 2.07e-09  1.81e-04     0s
  18   1.47241750e+10  1.47241750e+10  1.46e-11 3.73e-09  1.81e-10     0s

Barrier solved model in 18 iterations and 0.03 seconds
Optimal objective 1.47241750e+10


Gurobi 9.0.1 (win64) logging started 04/27/20 16:27:33

Changed value of parameter logfile to solver.log
   Prev:   Default: 
Parameter BarConvTol unchanged
   Value: 1e-08  Min: 0.0  Max: 1.0  Default: 1e-08
Changed value of parameter crossover to 0
   Prev: -1  Min: -1  Max: 5  Default: -1
Parameter FeasibilityTol unchanged
   Value: 1e-06  Min: 1e-09  Max: 0.01  Default: 1e-06
Gurobi Optimizer version 9.0.1 build v9.0.1rc0 (win64)
Optimize a model with 388 rows, 357 columns and 786 nonzeros
Model fingerprint: 0x5e0945a2
Coefficient statistics:
  Matrix range     [1e-03, 1e+00]
  Objective range  [1e-02, 2e+05]
  Bounds range     [2e+03, 4e+05]
  RHS range        [1e+00, 6e+08]
Presolve removed 278 rows and 194 columns
Presolve time: 0.00s
Presolved: 110 rows, 163 columns, 540 nonzeros
Ordering time: 0.00s

Barrier statistics:
 Free vars  : 27
 AA' NZ     : 5.060e+02
 Factor NZ  : 1.149e+03
 Factor Ops : 1.359e+04 (less than 1 second per iteration)
 Threads    : 1

                  Objective                Residual
Iter       Primal          Dual         Primal    Dual     Compl     Time
   0   5.22468803e+16 -3.11825337e+15  6.65e+09 9.73e+06  1.20e+16     0s
   1   2.96214781e+15 -3.37782222e+16  5.16e+08 3.55e+06  1.01e+15     0s
   2   1.78148261e+15 -3.38692504e+15  2.01e+08 1.46e+06  4.73e+14     0s
   3   1.12277474e+15 -2.89476391e+16  1.40e+07 6.84e+04  1.45e+14     0s
   4   5.26169026e+14 -4.85755084e+15  2.12e+06 9.81e+03  2.40e+13     0s
   5   8.87666006e+13 -2.16075960e+13  2.96e+04 1.34e+01  4.43e+11     0s
   6   2.93330546e+11 -4.08755899e+12  6.11e+01 6.75e+00  1.53e+10     0s
   7   1.71735500e+11 -7.04359372e+11  2.18e+01 1.29e+00  3.06e+09     0s
   8   9.35860682e+10 -1.00192425e+11  3.39e-01 2.83e-01  6.75e+08     0s
   9   7.76677169e+10 -8.49966790e+10  2.45e-01 2.39e-01  5.67e+08     0s
  10   4.37340675e+10 -1.86503882e+10  8.56e-02 8.41e-02  2.17e+08     0s
  11   3.81762778e+10 -3.33089914e+09  6.11e-02 5.11e-02  1.45e+08     0s
  12   2.34459624e+10  9.87716419e+09  1.81e-02 1.07e-02  4.73e+07     0s
  13   1.69909502e+10  1.43392826e+10  4.20e-03 1.85e-03  9.24e+06     0s
  14   1.51750228e+10  1.46437872e+10  7.44e-04 9.09e-04  1.85e+06     0s
  15   1.47322034e+10  1.47193340e+10  4.62e-06 2.92e-04  4.48e+04     0s
  16   1.47241756e+10  1.47241744e+10  1.44e-08 1.72e-06  4.13e+00     0s
  17   1.47241750e+10  1.47241750e+10  7.28e-12 1.79e-09  4.15e-06     0s
  18   1.47241750e+10  1.47241750e+10  1.82e-12 7.49e-09  4.15e-09     0s

Barrier solved model in 18 iterations and 0.01 seconds
Optimal objective 1.47241750e+10


Gurobi 9.0.1 (win64) logging started 04/27/20 16:28:05

Changed value of parameter logfile to solver.log
   Prev:   Default: 
Parameter BarConvTol unchanged
   Value: 1e-08  Min: 0.0  Max: 1.0  Default: 1e-08
Changed value of parameter crossover to 0
   Prev: -1  Min: -1  Max: 5  Default: -1
Parameter FeasibilityTol unchanged
   Value: 1e-06  Min: 1e-09  Max: 0.01  Default: 1e-06
Gurobi Optimizer version 9.0.1 build v9.0.1rc0 (win64)
Optimize a model with 388 rows, 357 columns and 786 nonzeros
Model fingerprint: 0xa58e25a2
Coefficient statistics:
  Matrix range     [1e-03, 1e+00]
  Objective range  [1e-02, 2e+05]
  Bounds range     [2e+03, 4e+05]
  RHS range        [1e+00, 2e+08]
Presolve removed 278 rows and 194 columns
Presolve time: 0.00s
Presolved: 110 rows, 163 columns, 540 nonzeros
Ordering time: 0.00s

Barrier statistics:
 Free vars  : 27
 AA' NZ     : 5.060e+02
 Factor NZ  : 1.149e+03
 Factor Ops : 1.359e+04 (less than 1 second per iteration)
 Threads    : 1

                  Objective                Residual
Iter       Primal          Dual         Primal    Dual     Compl     Time
   0   2.08966413e+16 -1.26260508e+15  2.66e+09 9.73e+06  4.80e+15     0s
   1   1.18486040e+15 -1.35261459e+16  2.06e+08 3.55e+06  4.05e+14     0s
   2   7.12493814e+14 -1.36913849e+15  8.02e+07 1.46e+06  1.89e+14     0s
   3   4.48976472e+14 -1.15761227e+16  5.57e+06 6.84e+04  5.79e+13     0s
   4   2.11102710e+14 -2.17517392e+15  8.54e+05 1.12e+04  1.05e+13     0s
   5   3.97625016e+13 -1.72002825e+13  1.13e+04 5.11e+00  2.20e+11     0s
   6   2.31742178e+11 -1.49333522e+12  3.43e+01 2.85e+00  6.03e+09     0s
   7   1.34537054e+11 -1.01966344e+11  8.07e+00 3.76e-01  8.25e+08     0s
   8   8.69238182e+10 -4.45120010e+10  2.79e+00 2.23e-01  4.58e+08     0s
   9   5.70615301e+10 -8.93406947e+09  1.48e+00 8.25e-02  2.30e+08     0s
  10   2.71228955e+10  4.29643197e+09  2.94e-01 3.94e-02  7.95e+07     0s
  11   2.13174246e+10  1.27987324e+10  1.50e-01 8.15e-03  2.97e+07     0s
  12   1.67005988e+10  1.42414640e+10  4.09e-02 3.33e-03  8.57e+06     0s
  13   1.47965975e+10  1.47129425e+10  1.17e-03 5.70e-04  2.91e+05     0s
  14   1.47243037e+10  1.47241350e+10  1.47e-08 1.63e-05  5.88e+02     0s
  15   1.47241750e+10  1.47241750e+10  1.38e-10 2.23e-08  5.93e-04     0s
  16   1.47241750e+10  1.47241750e+10  1.46e-11 7.46e-09  5.93e-10     0s

Barrier solved model in 16 iterations and 0.02 seconds
Optimal objective 1.47241750e+10


Gurobi 9.0.1 (win64) logging started 04/27/20 16:28:37

Changed value of parameter logfile to solver.log
   Prev:   Default: 
Parameter BarConvTol unchanged
   Value: 1e-08  Min: 0.0  Max: 1.0  Default: 1e-08
Changed value of parameter crossover to 0
   Prev: -1  Min: -1  Max: 5  Default: -1
Parameter FeasibilityTol unchanged
   Value: 1e-06  Min: 1e-09  Max: 0.01  Default: 1e-06
Gurobi Optimizer version 9.0.1 build v9.0.1rc0 (win64)
Optimize a model with 388 rows, 357 columns and 786 nonzeros
Model fingerprint: 0xa73fa24f
Coefficient statistics:
  Matrix range     [1e-03, 1e+00]
  Objective range  [1e-02, 2e+05]
  Bounds range     [2e+03, 4e+05]
  RHS range        [1e+00, 6e+07]
Presolve removed 278 rows and 194 columns
Presolve time: 0.00s
Presolved: 110 rows, 163 columns, 540 nonzeros
Ordering time: 0.00s

Barrier statistics:
 Free vars  : 27
 AA' NZ     : 5.060e+02
 Factor NZ  : 1.149e+03
 Factor Ops : 1.359e+04 (less than 1 second per iteration)
 Threads    : 1

                  Objective                Residual
Iter       Primal          Dual         Primal    Dual     Compl     Time
   0   5.22152079e+15 -3.34780933e+14  6.64e+08 9.73e+06  1.20e+15     0s
   1   2.96216260e+14 -3.40008357e+15  5.16e+07 3.55e+06  1.01e+14     0s
   2   1.77998721e+14 -3.60054408e+14  2.00e+07 1.46e+06  4.72e+13     0s
   3   1.12075324e+14 -2.88981197e+15  1.38e+06 6.86e+04  1.44e+13     0s
   4   5.47999521e+13 -7.40992119e+14  2.26e+05 1.56e+04  3.38e+12     0s
   5   1.33089151e+13 -1.03984449e+13  1.10e+03 7.69e+00  8.46e+10     0s
   6   2.36155880e+11 -3.54809558e+11  1.13e+01 7.77e-01  2.06e+09     0s
   7   1.04076567e+11 -1.10664572e+11  1.58e+00 3.58e-01  7.49e+08     0s
   8   7.30677858e+10 -7.96113607e+10  8.60e-01 2.72e-01  5.32e+08     0s
   9   4.35022109e+10 -3.03465021e+09  3.56e-01 5.50e-02  1.62e+08     0s
  10   1.98583593e+10  9.56343747e+09  3.72e-02 1.30e-02  3.59e+07     0s
  11   1.64534245e+10  1.42665774e+10  1.20e-02 3.40e-03  7.62e+06     0s
  12   1.48181107e+10  1.46392998e+10  3.49e-04 9.66e-04  6.23e+05     0s
  13   1.47244710e+10  1.47240712e+10  2.11e-07 3.50e-05  1.39e+03     0s
  14   1.47241753e+10  1.47241749e+10  1.97e-10 7.25e-08  1.39e+00     0s
  15   1.47241750e+10  1.47241750e+10  7.28e-12 2.21e-09  1.40e-06     0s
  16   1.47241750e+10  1.47241750e+10  1.82e-12 3.73e-09  1.40e-12     0s

Barrier solved model in 16 iterations and 0.01 seconds
Optimal objective 1.47241750e+10


Gurobi 9.0.1 (win64) logging started 04/28/20 09:57:12

Changed value of parameter logfile to solver.log
   Prev:   Default: 
Parameter BarConvTol unchanged
   Value: 1e-08  Min: 0.0  Max: 1.0  Default: 1e-08
Changed value of parameter crossover to 0
   Prev: -1  Min: -1  Max: 5  Default: -1
Parameter FeasibilityTol unchanged
   Value: 1e-06  Min: 1e-09  Max: 0.01  Default: 1e-06
Gurobi Optimizer version 9.0.1 build v9.0.1rc0 (win64)
Optimize a model with 388 rows, 357 columns and 786 nonzeros
Model fingerprint: 0xfa45df24
Coefficient statistics:
  Matrix range     [1e-03, 1e+00]
  Objective range  [1e-02, 2e+05]
  Bounds range     [2e+03, 4e+05]
  RHS range        [1e+00, 1e+09]
Warning: Model contains large rhs
         Consider reformulating model or setting NumericFocus parameter
         to avoid numerical issues.
Presolve removed 278 rows and 194 columns
Presolve time: 0.01s
Presolved: 110 rows, 163 columns, 540 nonzeros
Ordering time: 0.00s

Barrier statistics:
 Free vars  : 27
 AA' NZ     : 5.060e+02
 Factor NZ  : 1.149e+03
 Factor Ops : 1.359e+04 (less than 1 second per iteration)
 Threads    : 1

                  Objective                Residual
Iter       Primal          Dual         Primal    Dual     Compl     Time
   0   1.04497278e+17 -6.21100052e+15  1.33e+10 9.73e+06  2.40e+16     0s
   1   5.92429124e+15 -6.75316834e+16  1.03e+09 3.55e+06  2.02e+15     0s
   2   3.56312945e+15 -6.74956060e+15  4.01e+08 1.46e+06  9.46e+14     0s
   3   2.24576415e+15 -5.78999270e+16  2.79e+07 6.84e+04  2.90e+14     0s
   4   1.05100689e+15 -9.29350675e+15  4.22e+06 9.32e+03  4.65e+13     0s
   5   1.69383460e+14 -2.47256533e+13  5.96e+04 2.76e+01  7.96e+11     0s
   6   3.27115449e+11 -5.99017562e+12  7.82e+01 1.33e+01  2.21e+10     0s
   7   1.87234456e+11 -1.33936491e+12  2.92e+01 3.12e+00  5.33e+09     0s
   8   1.05920138e+11 -1.17151478e+11  2.79e-01 3.84e-01  7.77e+08     0s
   9   8.29285454e+10 -9.96083915e+10  1.76e-01 3.29e-01  6.36e+08     0s
  10   6.44207546e+10 -5.60615829e+10  1.18e-01 2.09e-01  4.20e+08     0s
  11   4.61603601e+10 -3.27288998e+09  6.86e-02 5.36e-02  1.72e+08     0s
  12   2.73914399e+10  5.86465368e+09  2.37e-02 3.15e-02  7.50e+07     0s
  13   1.80193491e+10  1.31967667e+10  5.16e-03 5.81e-03  1.68e+07     0s
  14   1.54416991e+10  1.45989393e+10  9.77e-04 8.58e-04  2.94e+06     0s
  15   1.48045264e+10  1.47147318e+10  9.51e-05 1.11e-04  3.13e+05     0s
  16   1.47242010e+10  1.47241492e+10  3.20e-08 1.31e-05  1.81e+02     0s
  17   1.47241750e+10  1.47241750e+10  4.37e-11 2.07e-09  1.81e-04     0s
  18   1.47241750e+10  1.47241750e+10  1.46e-11 3.73e-09  1.81e-10     0s

Barrier solved model in 18 iterations and 0.04 seconds
Optimal objective 1.47241750e+10


Gurobi 9.0.1 (win64) logging started 04/30/20 14:01:02

Changed value of parameter logfile to solver.log
   Prev:   Default: 
Parameter BarConvTol unchanged
   Value: 1e-08  Min: 0.0  Max: 1.0  Default: 1e-08
Changed value of parameter crossover to 0
   Prev: -1  Min: -1  Max: 5  Default: -1
Parameter FeasibilityTol unchanged
   Value: 1e-06  Min: 1e-09  Max: 0.01  Default: 1e-06
Gurobi Optimizer version 9.0.1 build v9.0.1rc0 (win64)
Optimize a model with 388 rows, 357 columns and 786 nonzeros
Model fingerprint: 0xfa45df24
Coefficient statistics:
  Matrix range     [1e-03, 1e+00]
  Objective range  [1e-02, 2e+05]
  Bounds range     [2e+03, 4e+05]
  RHS range        [1e+00, 1e+09]
Warning: Model contains large rhs
         Consider reformulating model or setting NumericFocus parameter
         to avoid numerical issues.
Presolve removed 278 rows and 194 columns
Presolve time: 0.01s
Presolved: 110 rows, 163 columns, 540 nonzeros
Ordering time: 0.00s

Barrier statistics:
 Free vars  : 27
 AA' NZ     : 5.060e+02
 Factor NZ  : 1.149e+03
 Factor Ops : 1.359e+04 (less than 1 second per iteration)
 Threads    : 1

                  Objective                Residual
Iter       Primal          Dual         Primal    Dual     Compl     Time
   0   1.04497278e+17 -6.21100052e+15  1.33e+10 9.73e+06  2.40e+16     0s
   1   5.92429124e+15 -6.75316834e+16  1.03e+09 3.55e+06  2.02e+15     0s
   2   3.56312945e+15 -6.74956060e+15  4.01e+08 1.46e+06  9.46e+14     0s
   3   2.24576415e+15 -5.78999270e+16  2.79e+07 6.84e+04  2.90e+14     0s
   4   1.05100689e+15 -9.29350675e+15  4.22e+06 9.32e+03  4.65e+13     0s
   5   1.69383460e+14 -2.47256533e+13  5.96e+04 2.76e+01  7.96e+11     0s
   6   3.27115449e+11 -5.99017562e+12  7.82e+01 1.33e+01  2.21e+10     0s
   7   1.87234456e+11 -1.33936491e+12  2.92e+01 3.12e+00  5.33e+09     0s
   8   1.05920138e+11 -1.17151478e+11  2.79e-01 3.84e-01  7.77e+08     0s
   9   8.29285454e+10 -9.96083915e+10  1.76e-01 3.29e-01  6.36e+08     0s
  10   6.44207546e+10 -5.60615829e+10  1.18e-01 2.09e-01  4.20e+08     0s
  11   4.61603601e+10 -3.27288998e+09  6.86e-02 5.36e-02  1.72e+08     0s
  12   2.73914399e+10  5.86465368e+09  2.37e-02 3.15e-02  7.50e+07     0s
  13   1.80193491e+10  1.31967667e+10  5.16e-03 5.81e-03  1.68e+07     0s
  14   1.54416991e+10  1.45989393e+10  9.77e-04 8.58e-04  2.94e+06     0s
  15   1.48045264e+10  1.47147318e+10  9.51e-05 1.11e-04  3.13e+05     0s
  16   1.47242010e+10  1.47241492e+10  3.20e-08 1.31e-05  1.81e+02     0s
  17   1.47241750e+10  1.47241750e+10  4.37e-11 2.07e-09  1.81e-04     0s
  18   1.47241750e+10  1.47241750e+10  1.46e-11 3.73e-09  1.81e-10     0s

Barrier solved model in 18 iterations and 0.03 seconds
Optimal objective 1.47241750e+10


Gurobi 9.0.1 (win64) logging started 04/30/20 14:01:18

Changed value of parameter logfile to solver.log
   Prev:   Default: 
Parameter BarConvTol unchanged
   Value: 1e-08  Min: 0.0  Max: 1.0  Default: 1e-08
Changed value of parameter crossover to 0
   Prev: -1  Min: -1  Max: 5  Default: -1
Parameter FeasibilityTol unchanged
   Value: 1e-06  Min: 1e-09  Max: 0.01  Default: 1e-06
Gurobi Optimizer version 9.0.1 build v9.0.1rc0 (win64)
Optimize a model with 388 rows, 357 columns and 786 nonzeros
Model fingerprint: 0x5e0945a2
Coefficient statistics:
  Matrix range     [1e-03, 1e+00]
  Objective range  [1e-02, 2e+05]
  Bounds range     [2e+03, 4e+05]
  RHS range        [1e+00, 6e+08]
Presolve removed 278 rows and 194 columns
Presolve time: 0.00s
Presolved: 110 rows, 163 columns, 540 nonzeros
Ordering time: 0.00s

Barrier statistics:
 Free vars  : 27
 AA' NZ     : 5.060e+02
 Factor NZ  : 1.149e+03
 Factor Ops : 1.359e+04 (less than 1 second per iteration)
 Threads    : 1

                  Objective                Residual
Iter       Primal          Dual         Primal    Dual     Compl     Time
   0   5.22468803e+16 -3.11825337e+15  6.65e+09 9.73e+06  1.20e+16     0s
   1   2.96214781e+15 -3.37782222e+16  5.16e+08 3.55e+06  1.01e+15     0s
   2   1.78148261e+15 -3.38692504e+15  2.01e+08 1.46e+06  4.73e+14     0s
   3   1.12277474e+15 -2.89476391e+16  1.40e+07 6.84e+04  1.45e+14     0s
   4   5.26169026e+14 -4.85755084e+15  2.12e+06 9.81e+03  2.40e+13     0s
   5   8.87666006e+13 -2.16075960e+13  2.96e+04 1.34e+01  4.43e+11     0s
   6   2.93330546e+11 -4.08755899e+12  6.11e+01 6.75e+00  1.53e+10     0s
   7   1.71735500e+11 -7.04359372e+11  2.18e+01 1.29e+00  3.06e+09     0s
   8   9.35860682e+10 -1.00192425e+11  3.39e-01 2.83e-01  6.75e+08     0s
   9   7.76677169e+10 -8.49966790e+10  2.45e-01 2.39e-01  5.67e+08     0s
  10   4.37340675e+10 -1.86503882e+10  8.56e-02 8.41e-02  2.17e+08     0s
  11   3.81762778e+10 -3.33089914e+09  6.11e-02 5.11e-02  1.45e+08     0s
  12   2.34459624e+10  9.87716419e+09  1.81e-02 1.07e-02  4.73e+07     0s
  13   1.69909502e+10  1.43392826e+10  4.20e-03 1.85e-03  9.24e+06     0s
  14   1.51750228e+10  1.46437872e+10  7.44e-04 9.09e-04  1.85e+06     0s
  15   1.47322034e+10  1.47193340e+10  4.62e-06 2.92e-04  4.48e+04     0s
  16   1.47241756e+10  1.47241744e+10  1.44e-08 1.72e-06  4.13e+00     0s
  17   1.47241750e+10  1.47241750e+10  7.28e-12 1.79e-09  4.15e-06     0s
  18   1.47241750e+10  1.47241750e+10  1.82e-12 7.49e-09  4.15e-09     0s

Barrier solved model in 18 iterations and 0.01 seconds
Optimal objective 1.47241750e+10


Gurobi 9.0.1 (win64) logging started 04/30/20 14:01:35

Changed value of parameter logfile to solver.log
   Prev:   Default: 
Parameter BarConvTol unchanged
   Value: 1e-08  Min: 0.0  Max: 1.0  Default: 1e-08
Changed value of parameter crossover to 0
   Prev: -1  Min: -1  Max: 5  Default: -1
Parameter FeasibilityTol unchanged
   Value: 1e-06  Min: 1e-09  Max: 0.01  Default: 1e-06
Gurobi Optimizer version 9.0.1 build v9.0.1rc0 (win64)
Optimize a model with 388 rows, 357 columns and 786 nonzeros
Model fingerprint: 0xa58e25a2
Coefficient statistics:
  Matrix range     [1e-03, 1e+00]
  Objective range  [1e-02, 2e+05]
  Bounds range     [2e+03, 4e+05]
  RHS range        [1e+00, 2e+08]
Presolve removed 278 rows and 194 columns
Presolve time: 0.00s
Presolved: 110 rows, 163 columns, 540 nonzeros
Ordering time: 0.00s

Barrier statistics:
 Free vars  : 27
 AA' NZ     : 5.060e+02
 Factor NZ  : 1.149e+03
 Factor Ops : 1.359e+04 (less than 1 second per iteration)
 Threads    : 1

                  Objective                Residual
Iter       Primal          Dual         Primal    Dual     Compl     Time
   0   2.08966413e+16 -1.26260508e+15  2.66e+09 9.73e+06  4.80e+15     0s
   1   1.18486040e+15 -1.35261459e+16  2.06e+08 3.55e+06  4.05e+14     0s
   2   7.12493814e+14 -1.36913849e+15  8.02e+07 1.46e+06  1.89e+14     0s
   3   4.48976472e+14 -1.15761227e+16  5.57e+06 6.84e+04  5.79e+13     0s
   4   2.11102710e+14 -2.17517392e+15  8.54e+05 1.12e+04  1.05e+13     0s
   5   3.97625016e+13 -1.72002825e+13  1.13e+04 5.11e+00  2.20e+11     0s
   6   2.31742178e+11 -1.49333522e+12  3.43e+01 2.85e+00  6.03e+09     0s
   7   1.34537054e+11 -1.01966344e+11  8.07e+00 3.76e-01  8.25e+08     0s
   8   8.69238182e+10 -4.45120010e+10  2.79e+00 2.23e-01  4.58e+08     0s
   9   5.70615301e+10 -8.93406947e+09  1.48e+00 8.25e-02  2.30e+08     0s
  10   2.71228955e+10  4.29643197e+09  2.94e-01 3.94e-02  7.95e+07     0s
  11   2.13174246e+10  1.27987324e+10  1.50e-01 8.15e-03  2.97e+07     0s
  12   1.67005988e+10  1.42414640e+10  4.09e-02 3.33e-03  8.57e+06     0s
  13   1.47965975e+10  1.47129425e+10  1.17e-03 5.70e-04  2.91e+05     0s
  14   1.47243037e+10  1.47241350e+10  1.47e-08 1.63e-05  5.88e+02     0s
  15   1.47241750e+10  1.47241750e+10  1.38e-10 2.23e-08  5.93e-04     0s
  16   1.47241750e+10  1.47241750e+10  1.46e-11 7.46e-09  5.93e-10     0s

Barrier solved model in 16 iterations and 0.01 seconds
Optimal objective 1.47241750e+10


Gurobi 9.0.1 (win64) logging started 04/30/20 14:01:52

Changed value of parameter logfile to solver.log
   Prev:   Default: 
Parameter BarConvTol unchanged
   Value: 1e-08  Min: 0.0  Max: 1.0  Default: 1e-08
Changed value of parameter crossover to 0
   Prev: -1  Min: -1  Max: 5  Default: -1
Parameter FeasibilityTol unchanged
   Value: 1e-06  Min: 1e-09  Max: 0.01  Default: 1e-06
Gurobi Optimizer version 9.0.1 build v9.0.1rc0 (win64)
Optimize a model with 388 rows, 357 columns and 786 nonzeros
Model fingerprint: 0xa73fa24f
Coefficient statistics:
  Matrix range     [1e-03, 1e+00]
  Objective range  [1e-02, 2e+05]
  Bounds range     [2e+03, 4e+05]
  RHS range        [1e+00, 6e+07]
Presolve removed 278 rows and 194 columns
Presolve time: 0.00s
Presolved: 110 rows, 163 columns, 540 nonzeros
Ordering time: 0.00s

Barrier statistics:
 Free vars  : 27
 AA' NZ     : 5.060e+02
 Factor NZ  : 1.149e+03
 Factor Ops : 1.359e+04 (less than 1 second per iteration)
 Threads    : 1

                  Objective                Residual
Iter       Primal          Dual         Primal    Dual     Compl     Time
   0   5.22152079e+15 -3.34780933e+14  6.64e+08 9.73e+06  1.20e+15     0s
   1   2.96216260e+14 -3.40008357e+15  5.16e+07 3.55e+06  1.01e+14     0s
   2   1.77998721e+14 -3.60054408e+14  2.00e+07 1.46e+06  4.72e+13     0s
   3   1.12075324e+14 -2.88981197e+15  1.38e+06 6.86e+04  1.44e+13     0s
   4   5.47999521e+13 -7.40992119e+14  2.26e+05 1.56e+04  3.38e+12     0s
   5   1.33089151e+13 -1.03984449e+13  1.10e+03 7.69e+00  8.46e+10     0s
   6   2.36155880e+11 -3.54809558e+11  1.13e+01 7.77e-01  2.06e+09     0s
   7   1.04076567e+11 -1.10664572e+11  1.58e+00 3.58e-01  7.49e+08     0s
   8   7.30677858e+10 -7.96113607e+10  8.60e-01 2.72e-01  5.32e+08     0s
   9   4.35022109e+10 -3.03465021e+09  3.56e-01 5.50e-02  1.62e+08     0s
  10   1.98583593e+10  9.56343747e+09  3.72e-02 1.30e-02  3.59e+07     0s
  11   1.64534245e+10  1.42665774e+10  1.20e-02 3.40e-03  7.62e+06     0s
  12   1.48181107e+10  1.46392998e+10  3.49e-04 9.66e-04  6.23e+05     0s
  13   1.47244710e+10  1.47240712e+10  2.11e-07 3.50e-05  1.39e+03     0s
  14   1.47241753e+10  1.47241749e+10  1.97e-10 7.25e-08  1.39e+00     0s
  15   1.47241750e+10  1.47241750e+10  7.28e-12 2.21e-09  1.40e-06     0s
  16   1.47241750e+10  1.47241750e+10  1.82e-12 3.73e-09  1.40e-12     0s

Barrier solved model in 16 iterations and 0.01 seconds
Optimal objective 1.47241750e+10


Gurobi 9.0.1 (win64) logging started 04/30/20 14:18:32

Changed value of parameter logfile to solver.log
   Prev:   Default: 
Parameter BarConvTol unchanged
   Value: 1e-08  Min: 0.0  Max: 1.0  Default: 1e-08
Changed value of parameter crossover to 0
   Prev: -1  Min: -1  Max: 5  Default: -1
Parameter FeasibilityTol unchanged
   Value: 1e-06  Min: 1e-09  Max: 0.01  Default: 1e-06
Gurobi Optimizer version 9.0.1 build v9.0.1rc0 (win64)
Optimize a model with 388 rows, 357 columns and 786 nonzeros
Model fingerprint: 0xfa45df24
Coefficient statistics:
  Matrix range     [1e-03, 1e+00]
  Objective range  [1e-02, 2e+05]
  Bounds range     [2e+03, 4e+05]
  RHS range        [1e+00, 1e+09]
Warning: Model contains large rhs
         Consider reformulating model or setting NumericFocus parameter
         to avoid numerical issues.
Presolve removed 278 rows and 194 columns
Presolve time: 0.00s
Presolved: 110 rows, 163 columns, 540 nonzeros
Ordering time: 0.00s

Barrier statistics:
 Free vars  : 27
 AA' NZ     : 5.060e+02
 Factor NZ  : 1.149e+03
 Factor Ops : 1.359e+04 (less than 1 second per iteration)
 Threads    : 1

                  Objective                Residual
Iter       Primal          Dual         Primal    Dual     Compl     Time
   0   1.04497278e+17 -6.21100052e+15  1.33e+10 9.73e+06  2.40e+16     0s
   1   5.92429124e+15 -6.75316834e+16  1.03e+09 3.55e+06  2.02e+15     0s
   2   3.56312945e+15 -6.74956060e+15  4.01e+08 1.46e+06  9.46e+14     0s
   3   2.24576415e+15 -5.78999270e+16  2.79e+07 6.84e+04  2.90e+14     0s
   4   1.05100689e+15 -9.29350675e+15  4.22e+06 9.32e+03  4.65e+13     0s
   5   1.69383460e+14 -2.47256533e+13  5.96e+04 2.76e+01  7.96e+11     0s
   6   3.27115449e+11 -5.99017562e+12  7.82e+01 1.33e+01  2.21e+10     0s
   7   1.87234456e+11 -1.33936491e+12  2.92e+01 3.12e+00  5.33e+09     0s
   8   1.05920138e+11 -1.17151478e+11  2.79e-01 3.84e-01  7.77e+08     0s
   9   8.29285454e+10 -9.96083915e+10  1.76e-01 3.29e-01  6.36e+08     0s
  10   6.44207546e+10 -5.60615829e+10  1.18e-01 2.09e-01  4.20e+08     0s
  11   4.61603601e+10 -3.27288998e+09  6.86e-02 5.36e-02  1.72e+08     0s
  12   2.73914399e+10  5.86465368e+09  2.37e-02 3.15e-02  7.50e+07     0s
  13   1.80193491e+10  1.31967667e+10  5.16e-03 5.81e-03  1.68e+07     0s
  14   1.54416991e+10  1.45989393e+10  9.77e-04 8.58e-04  2.94e+06     0s
  15   1.48045264e+10  1.47147318e+10  9.51e-05 1.11e-04  3.13e+05     0s
  16   1.47242010e+10  1.47241492e+10  3.20e-08 1.31e-05  1.81e+02     0s
  17   1.47241750e+10  1.47241750e+10  4.37e-11 2.07e-09  1.81e-04     0s
  18   1.47241750e+10  1.47241750e+10  1.46e-11 3.73e-09  1.81e-10     0s

Barrier solved model in 18 iterations and 0.01 seconds
Optimal objective 1.47241750e+10


Gurobi 9.0.2 (win64) logging started Thu Apr 30 20:04:41 2020

Changed value of parameter logfile to solver.log
   Prev:   Default: 
Parameter BarConvTol unchanged
   Value: 1e-08  Min: 0.0  Max: 1.0  Default: 1e-08
Changed value of parameter crossover to 0
   Prev: -1  Min: -1  Max: 5  Default: -1
Parameter FeasibilityTol unchanged
   Value: 1e-06  Min: 1e-09  Max: 0.01  Default: 1e-06
Gurobi Optimizer version 9.0.2 build v9.0.2rc0 (win64)
Optimize a model with 387 rows, 357 columns and 756 nonzeros
Model fingerprint: 0x71b49d34
Coefficient statistics:
  Matrix range     [1e-03, 1e+00]
  Objective range  [1e-02, 2e+05]
  Bounds range     [2e+03, 4e+05]
  RHS range        [1e+00, 7e+04]
Presolve removed 278 rows and 244 columns
Presolve time: 0.01s
Presolved: 109 rows, 113 columns, 380 nonzeros
Ordering time: 0.00s

Barrier statistics:
 Free vars  : 27
 AA' NZ     : 4.550e+02
 Factor NZ  : 1.046e+03
 Factor Ops : 1.168e+04 (less than 1 second per iteration)
 Threads    : 1

                  Objective                Residual
Iter       Primal          Dual         Primal    Dual     Compl     Time
   0   2.40977245e+11  0.00000000e+00  3.73e+05 0.00e+00  2.53e+09     0s
   1   6.59747619e+10  4.78618494e+09  1.06e-05 1.07e-02  3.29e+08     0s
   2   2.25948504e+10  1.28748312e+10  1.35e-06 1.37e-03  5.23e+07     0s
   3   1.52847050e+10  1.44403985e+10  7.81e-08 8.84e-05  4.54e+06     0s
   4   1.47598583e+10  1.47140276e+10  1.01e-07 1.28e-05  2.46e+05     0s
   5   1.47243433e+10  1.47241094e+10  2.91e-11 1.07e-07  1.26e+03     0s
   6   1.47241750e+10  1.47241750e+10  7.28e-12 2.18e-11  1.31e-03     0s
   7   1.47241750e+10  1.47241750e+10  2.91e-11 7.28e-12  1.31e-09     0s

Barrier solved model in 7 iterations and 0.03 seconds
Optimal objective 1.47241750e+10


Gurobi 9.0.2 (win64) logging started Thu Apr 30 20:06:42 2020

Changed value of parameter logfile to solver.log
   Prev:   Default: 
Parameter BarConvTol unchanged
   Value: 1e-08  Min: 0.0  Max: 1.0  Default: 1e-08
Changed value of parameter crossover to 0
   Prev: -1  Min: -1  Max: 5  Default: -1
Parameter FeasibilityTol unchanged
   Value: 1e-06  Min: 1e-09  Max: 0.01  Default: 1e-06
Gurobi Optimizer version 9.0.2 build v9.0.2rc0 (win64)
Optimize a model with 387 rows, 357 columns and 756 nonzeros
Model fingerprint: 0x71b49d34
Coefficient statistics:
  Matrix range     [1e-03, 1e+00]
  Objective range  [1e-02, 2e+05]
  Bounds range     [2e+03, 4e+05]
  RHS range        [1e+00, 7e+04]
Presolve removed 278 rows and 244 columns
Presolve time: 0.00s
Presolved: 109 rows, 113 columns, 380 nonzeros
Ordering time: 0.00s

Barrier statistics:
 Free vars  : 27
 AA' NZ     : 4.550e+02
 Factor NZ  : 1.046e+03
 Factor Ops : 1.168e+04 (less than 1 second per iteration)
 Threads    : 1

                  Objective                Residual
Iter       Primal          Dual         Primal    Dual     Compl     Time
   0   2.40977245e+11  0.00000000e+00  3.73e+05 0.00e+00  2.53e+09     0s
   1   6.59747619e+10  4.78618494e+09  1.06e-05 1.07e-02  3.29e+08     0s
   2   2.25948504e+10  1.28748312e+10  1.35e-06 1.37e-03  5.23e+07     0s
   3   1.52847050e+10  1.44403985e+10  7.81e-08 8.84e-05  4.54e+06     0s
   4   1.47598583e+10  1.47140276e+10  1.01e-07 1.28e-05  2.46e+05     0s
   5   1.47243433e+10  1.47241094e+10  2.91e-11 1.07e-07  1.26e+03     0s
   6   1.47241750e+10  1.47241750e+10  7.28e-12 2.18e-11  1.31e-03     0s
   7   1.47241750e+10  1.47241750e+10  2.91e-11 7.28e-12  1.31e-09     0s

Barrier solved model in 7 iterations and 0.01 seconds
Optimal objective 1.47241750e+10

